{"/home/user/flask-starter/apps/mobile/src/api.ts": {"path":"/home/user/flask-starter/apps/mobile/src/api.ts","statementMap":{"0":{"start":{"line":3,"column":17},"end":{"line":3,"column":null}},"1":{"start":{"line":4,"column":18},"end":{"line":4,"column":null}},"2":{"start":{"line":6,"column":34},"end":{"line":6,"column":null}},"3":{"start":{"line":9,"column":2},"end":{"line":9,"column":null}},"4":{"start":{"line":10,"column":2},"end":{"line":10,"column":null}},"5":{"start":{"line":14,"column":2},"end":{"line":14,"column":null}},"6":{"start":{"line":15,"column":2},"end":{"line":15,"column":null}},"7":{"start":{"line":19,"column":2},"end":{"line":19,"column":null}},"8":{"start":{"line":20,"column":2},"end":{"line":20,"column":null}},"9":{"start":{"line":24,"column":2},"end":{"line":24,"column":null}},"10":{"start":{"line":34,"column":4},"end":{"line":34,"column":null}},"11":{"start":{"line":29,"column":11},"end":{"line":29,"column":null}},"12":{"start":{"line":31,"column":11},"end":{"line":31,"column":null}},"13":{"start":{"line":32,"column":11},"end":{"line":32,"column":null}},"14":{"start":{"line":39,"column":30},"end":{"line":39,"column":null}},"15":{"start":{"line":41,"column":2},"end":{"line":41,"column":null}},"16":{"start":{"line":42,"column":2},"end":{"line":42,"column":null}},"17":{"start":{"line":42,"column":15},"end":{"line":42,"column":null}},"18":{"start":{"line":49,"column":14},"end":{"line":56,"column":null}},"19":{"start":{"line":57,"column":2},"end":{"line":60,"column":null}},"20":{"start":{"line":58,"column":4},"end":{"line":58,"column":null}},"21":{"start":{"line":59,"column":4},"end":{"line":59,"column":null}},"22":{"start":{"line":59,"column":42},"end":{"line":59,"column":46}},"23":{"start":{"line":61,"column":2},"end":{"line":68,"column":null}},"24":{"start":{"line":62,"column":18},"end":{"line":62,"column":null}},"25":{"start":{"line":62,"column":48},"end":{"line":62,"column":51}},"26":{"start":{"line":67,"column":4},"end":{"line":67,"column":null}},"27":{"start":{"line":69,"column":2},"end":{"line":69,"column":null}},"28":{"start":{"line":69,"column":26},"end":{"line":69,"column":null}},"29":{"start":{"line":70,"column":2},"end":{"line":70,"column":null}},"30":{"start":{"line":79,"column":15},"end":{"line":79,"column":null}},"31":{"start":{"line":81,"column":2},"end":{"line":81,"column":null}},"32":{"start":{"line":82,"column":14},"end":{"line":86,"column":null}},"33":{"start":{"line":87,"column":2},"end":{"line":90,"column":null}},"34":{"start":{"line":88,"column":18},"end":{"line":88,"column":null}},"35":{"start":{"line":88,"column":48},"end":{"line":88,"column":51}},"36":{"start":{"line":89,"column":4},"end":{"line":89,"column":null}},"37":{"start":{"line":91,"column":2},"end":{"line":91,"column":null}},"38":{"start":{"line":95,"column":2},"end":{"line":95,"column":null}}},"fnMap":{"0":{"name":"loadToken","decl":{"start":{"line":8,"column":22},"end":{"line":8,"column":58}},"loc":{"start":{"line":8,"column":58},"end":{"line":11,"column":null}},"line":8},"1":{"name":"storeToken","decl":{"start":{"line":13,"column":22},"end":{"line":13,"column":33}},"loc":{"start":{"line":13,"column":63},"end":{"line":16,"column":null}},"line":13},"2":{"name":"clearToken","decl":{"start":{"line":18,"column":22},"end":{"line":18,"column":50}},"loc":{"start":{"line":18,"column":50},"end":{"line":21,"column":null}},"line":18},"3":{"name":"getToken","decl":{"start":{"line":23,"column":16},"end":{"line":23,"column":42}},"loc":{"start":{"line":23,"column":42},"end":{"line":25,"column":null}},"line":23},"4":{"name":"constructor","decl":{"start":{"line":28,"column":2},"end":{"line":28,"column":null}},"loc":{"start":{"line":33,"column":4},"end":{"line":35,"column":null}},"line":33},"5":{"name":"onUnauthorized","decl":{"start":{"line":40,"column":16},"end":{"line":40,"column":31}},"loc":{"start":{"line":40,"column":57},"end":{"line":43,"column":null}},"line":40},"6":{"name":"(anonymous_6)","decl":{"start":{"line":42,"column":9},"end":{"line":42,"column":15}},"loc":{"start":{"line":42,"column":15},"end":{"line":42,"column":null}},"line":42},"7":{"name":"api","decl":{"start":{"line":45,"column":22},"end":{"line":45,"column":null}},"loc":{"start":{"line":48,"column":14},"end":{"line":71,"column":null}},"line":48},"8":{"name":"(anonymous_8)","decl":{"start":{"line":59,"column":34},"end":{"line":59,"column":35}},"loc":{"start":{"line":59,"column":42},"end":{"line":59,"column":46}},"line":59},"9":{"name":"(anonymous_9)","decl":{"start":{"line":62,"column":41},"end":{"line":62,"column":48}},"loc":{"start":{"line":62,"column":48},"end":{"line":62,"column":51}},"line":62},"10":{"name":"uploadFile","decl":{"start":{"line":74,"column":22},"end":{"line":74,"column":33}},"loc":{"start":{"line":78,"column":47},"end":{"line":92,"column":null}},"line":78},"11":{"name":"(anonymous_11)","decl":{"start":{"line":88,"column":41},"end":{"line":88,"column":48}},"loc":{"start":{"line":88,"column":48},"end":{"line":88,"column":51}},"line":88},"12":{"name":"wsUrl","decl":{"start":{"line":94,"column":16},"end":{"line":94,"column":32}},"loc":{"start":{"line":94,"column":32},"end":{"line":96,"column":null}},"line":94}},"branchMap":{"0":{"loc":{"start":{"line":3,"column":17},"end":{"line":3,"column":null}},"type":"binary-expr","locations":[{"start":{"line":3,"column":17},"end":{"line":3,"column":52}},{"start":{"line":3,"column":52},"end":{"line":3,"column":null}}],"line":3},"1":{"loc":{"start":{"line":47,"column":2},"end":{"line":47,"column":null}},"type":"default-arg","locations":[{"start":{"line":47,"column":46},"end":{"line":47,"column":null}}],"line":47},"2":{"loc":{"start":{"line":50,"column":12},"end":{"line":50,"column":null}},"type":"binary-expr","locations":[{"start":{"line":50,"column":12},"end":{"line":50,"column":27}},{"start":{"line":50,"column":27},"end":{"line":50,"column":null}}],"line":50},"3":{"loc":{"start":{"line":52,"column":10},"end":{"line":52,"column":null}},"type":"cond-expr","locations":[{"start":{"line":52,"column":36},"end":{"line":52,"column":77}},{"start":{"line":52,"column":77},"end":{"line":52,"column":null}}],"line":52},"4":{"loc":{"start":{"line":53,"column":10},"end":{"line":53,"column":null}},"type":"cond-expr","locations":[{"start":{"line":53,"column":25},"end":{"line":53,"column":71}},{"start":{"line":53,"column":71},"end":{"line":53,"column":null}}],"line":53},"5":{"loc":{"start":{"line":55,"column":10},"end":{"line":55,"column":null}},"type":"cond-expr","locations":[{"start":{"line":55,"column":36},"end":{"line":55,"column":64}},{"start":{"line":55,"column":64},"end":{"line":55,"column":null}}],"line":55},"6":{"loc":{"start":{"line":57,"column":2},"end":{"line":60,"column":null}},"type":"if","locations":[{"start":{"line":57,"column":2},"end":{"line":60,"column":null}},{"start":{},"end":{}}],"line":57},"7":{"loc":{"start":{"line":57,"column":6},"end":{"line":57,"column":42}},"type":"binary-expr","locations":[{"start":{"line":57,"column":6},"end":{"line":57,"column":28}},{"start":{"line":57,"column":28},"end":{"line":57,"column":42}}],"line":57},"8":{"loc":{"start":{"line":61,"column":2},"end":{"line":68,"column":null}},"type":"if","locations":[{"start":{"line":61,"column":2},"end":{"line":68,"column":null}},{"start":{},"end":{}}],"line":61},"9":{"loc":{"start":{"line":67,"column":35},"end":{"line":67,"column":73}},"type":"binary-expr","locations":[{"start":{"line":67,"column":35},"end":{"line":67,"column":49}},{"start":{"line":67,"column":49},"end":{"line":67,"column":73}}],"line":67},"10":{"loc":{"start":{"line":69,"column":2},"end":{"line":69,"column":null}},"type":"if","locations":[{"start":{"line":69,"column":2},"end":{"line":69,"column":null}},{"start":{},"end":{}}],"line":69},"11":{"loc":{"start":{"line":84,"column":19},"end":{"line":84,"column":84}},"type":"cond-expr","locations":[{"start":{"line":84,"column":34},"end":{"line":84,"column":80}},{"start":{"line":84,"column":80},"end":{"line":84,"column":84}}],"line":84},"12":{"loc":{"start":{"line":87,"column":2},"end":{"line":90,"column":null}},"type":"if","locations":[{"start":{"line":87,"column":2},"end":{"line":90,"column":null}},{"start":{},"end":{}}],"line":87},"13":{"loc":{"start":{"line":89,"column":35},"end":{"line":89,"column":72}},"type":"binary-expr","locations":[{"start":{"line":89,"column":35},"end":{"line":89,"column":49}},{"start":{"line":89,"column":49},"end":{"line":89,"column":72}}],"line":89},"14":{"loc":{"start":{"line":95,"column":56},"end":{"line":95,"column":74}},"type":"binary-expr","locations":[{"start":{"line":95,"column":56},"end":{"line":95,"column":72}},{"start":{"line":95,"column":72},"end":{"line":95,"column":74}}],"line":95}},"s":{"0":1,"1":1,"2":1,"3":1,"4":1,"5":7,"6":7,"7":15,"8":15,"9":3,"10":6,"11":6,"12":6,"13":6,"14":1,"15":1,"16":1,"17":1,"18":7,"19":7,"20":2,"21":2,"22":1,"23":7,"24":4,"25":2,"26":4,"27":3,"28":1,"29":2,"30":3,"31":3,"32":3,"33":3,"34":2,"35":1,"36":2,"37":1,"38":2},"f":{"0":1,"1":7,"2":15,"3":3,"4":6,"5":1,"6":1,"7":7,"8":1,"9":2,"10":3,"11":1,"12":2},"b":{"0":[1,1],"1":[7],"2":[7,4],"3":[2,5],"4":[3,4],"5":[2,5],"6":[2,5],"7":[7,2],"8":[4,3],"9":[4,2],"10":[1,2],"11":[1,2],"12":[2,1],"13":[2,1],"14":[2,1]},"meta":{"lastBranch":15,"lastFunction":13,"lastStatement":39,"seen":{"s:3:17:3:Infinity":0,"b:3:17:3:52:3:52:3:Infinity":0,"s:4:18:4:Infinity":1,"s:6:34:6:Infinity":2,"f:8:22:8:58":0,"s:9:2:9:Infinity":3,"s:10:2:10:Infinity":4,"f:13:22:13:33":1,"s:14:2:14:Infinity":5,"s:15:2:15:Infinity":6,"f:18:22:18:50":2,"s:19:2:19:Infinity":7,"s:20:2:20:Infinity":8,"f:23:16:23:42":3,"s:24:2:24:Infinity":9,"f:28:2:28:Infinity":4,"s:34:4:34:Infinity":10,"s:29:11:29:Infinity":11,"s:31:11:31:Infinity":12,"s:32:11:32:Infinity":13,"s:39:30:39:Infinity":14,"f:40:16:40:31":5,"s:41:2:41:Infinity":15,"s:42:2:42:Infinity":16,"f:42:9:42:15":6,"s:42:15:42:Infinity":17,"f:45:22:45:Infinity":7,"b:47:46:47:Infinity":1,"s:49:14:56:Infinity":18,"b:50:12:50:27:50:27:50:Infinity":2,"b:52:36:52:77:52:77:52:Infinity":3,"b:53:25:53:71:53:71:53:Infinity":4,"b:55:36:55:64:55:64:55:Infinity":5,"b:57:2:60:Infinity:undefined:undefined:undefined:undefined":6,"s:57:2:60:Infinity":19,"b:57:6:57:28:57:28:57:42":7,"s:58:4:58:Infinity":20,"s:59:4:59:Infinity":21,"f:59:34:59:35":8,"s:59:42:59:46":22,"b:61:2:68:Infinity:undefined:undefined:undefined:undefined":8,"s:61:2:68:Infinity":23,"s:62:18:62:Infinity":24,"f:62:41:62:48":9,"s:62:48:62:51":25,"s:67:4:67:Infinity":26,"b:67:35:67:49:67:49:67:73":9,"b:69:2:69:Infinity:undefined:undefined:undefined:undefined":10,"s:69:2:69:Infinity":27,"s:69:26:69:Infinity":28,"s:70:2:70:Infinity":29,"f:74:22:74:33":10,"s:79:15:79:Infinity":30,"s:81:2:81:Infinity":31,"s:82:14:86:Infinity":32,"b:84:34:84:80:84:80:84:84":11,"b:87:2:90:Infinity:undefined:undefined:undefined:undefined":12,"s:87:2:90:Infinity":33,"s:88:18:88:Infinity":34,"f:88:41:88:48":11,"s:88:48:88:51":35,"s:89:4:89:Infinity":36,"b:89:35:89:49:89:49:89:72":13,"s:91:2:91:Infinity":37,"f:94:16:94:32":12,"s:95:2:95:Infinity":38,"b:95:56:95:72:95:72:95:74":14},"fnNames":{}}}
,"/home/user/flask-starter/apps/mobile/src/format.ts": {"path":"/home/user/flask-starter/apps/mobile/src/format.ts","statementMap":{"0":{"start":{"line":5,"column":16},"end":{"line":5,"column":null}},"1":{"start":{"line":6,"column":19},"end":{"line":6,"column":null}},"2":{"start":{"line":7,"column":2},"end":{"line":10,"column":null}},"3":{"start":{"line":18,"column":2},"end":{"line":20,"column":null}},"4":{"start":{"line":19,"column":4},"end":{"line":19,"column":null}},"5":{"start":{"line":21,"column":26},"end":{"line":21,"column":null}},"6":{"start":{"line":22,"column":2},"end":{"line":22,"column":null}},"7":{"start":{"line":22,"column":34},"end":{"line":22,"column":null}},"8":{"start":{"line":23,"column":2},"end":{"line":23,"column":null}},"9":{"start":{"line":24,"column":2},"end":{"line":24,"column":null}},"10":{"start":{"line":29,"column":15},"end":{"line":29,"column":null}},"11":{"start":{"line":30,"column":18},"end":{"line":30,"column":null}},"12":{"start":{"line":31,"column":2},"end":{"line":31,"column":null}},"13":{"start":{"line":31,"column":19},"end":{"line":31,"column":null}},"14":{"start":{"line":32,"column":2},"end":{"line":32,"column":null}},"15":{"start":{"line":32,"column":20},"end":{"line":32,"column":null}},"16":{"start":{"line":33,"column":16},"end":{"line":33,"column":null}},"17":{"start":{"line":34,"column":2},"end":{"line":34,"column":null}},"18":{"start":{"line":34,"column":18},"end":{"line":34,"column":null}},"19":{"start":{"line":35,"column":15},"end":{"line":35,"column":null}},"20":{"start":{"line":36,"column":2},"end":{"line":36,"column":null}},"21":{"start":{"line":36,"column":18},"end":{"line":36,"column":null}},"22":{"start":{"line":37,"column":2},"end":{"line":37,"column":null}},"23":{"start":{"line":37,"column":16},"end":{"line":37,"column":null}},"24":{"start":{"line":38,"column":2},"end":{"line":38,"column":null}},"25":{"start":{"line":42,"column":2},"end":{"line":42,"column":null}},"26":{"start":{"line":45,"column":56},"end":{"line":50,"column":null}},"27":{"start":{"line":52,"column":61},"end":{"line":59,"column":null}},"28":{"start":{"line":61,"column":59},"end":{"line":66,"column":null}}},"fnMap":{"0":{"name":"formatEuro","decl":{"start":{"line":4,"column":16},"end":{"line":4,"column":27}},"loc":{"start":{"line":4,"column":50},"end":{"line":11,"column":null}},"line":4},"1":{"name":"formatPrice","decl":{"start":{"line":13,"column":16},"end":{"line":13,"column":null}},"loc":{"start":{"line":17,"column":43},"end":{"line":25,"column":null}},"line":17},"2":{"name":"formatRelative","decl":{"start":{"line":28,"column":16},"end":{"line":28,"column":31}},"loc":{"start":{"line":28,"column":52},"end":{"line":39,"column":null}},"line":28},"3":{"name":"formatTime","decl":{"start":{"line":41,"column":16},"end":{"line":41,"column":27}},"loc":{"start":{"line":41,"column":48},"end":{"line":43,"column":null}},"line":41}},"branchMap":{"0":{"loc":{"start":{"line":8,"column":27},"end":{"line":8,"column":null}},"type":"cond-expr","locations":[{"start":{"line":8,"column":38},"end":{"line":8,"column":42}},{"start":{"line":8,"column":42},"end":{"line":8,"column":null}}],"line":8},"1":{"loc":{"start":{"line":9,"column":27},"end":{"line":9,"column":null}},"type":"cond-expr","locations":[{"start":{"line":9,"column":38},"end":{"line":9,"column":42}},{"start":{"line":9,"column":42},"end":{"line":9,"column":null}}],"line":9},"2":{"loc":{"start":{"line":18,"column":2},"end":{"line":20,"column":null}},"type":"if","locations":[{"start":{"line":18,"column":2},"end":{"line":20,"column":null}},{"start":{},"end":{}}],"line":18},"3":{"loc":{"start":{"line":18,"column":6},"end":{"line":18,"column":56}},"type":"binary-expr","locations":[{"start":{"line":18,"column":6},"end":{"line":18,"column":36}},{"start":{"line":18,"column":36},"end":{"line":18,"column":56}}],"line":18},"4":{"loc":{"start":{"line":22,"column":2},"end":{"line":22,"column":null}},"type":"if","locations":[{"start":{"line":22,"column":2},"end":{"line":22,"column":null}},{"start":{},"end":{}}],"line":22},"5":{"loc":{"start":{"line":23,"column":13},"end":{"line":23,"column":44}},"type":"cond-expr","locations":[{"start":{"line":23,"column":26},"end":{"line":23,"column":36}},{"start":{"line":23,"column":36},"end":{"line":23,"column":44}}],"line":23},"6":{"loc":{"start":{"line":31,"column":2},"end":{"line":31,"column":null}},"type":"if","locations":[{"start":{"line":31,"column":2},"end":{"line":31,"column":null}},{"start":{},"end":{}}],"line":31},"7":{"loc":{"start":{"line":32,"column":2},"end":{"line":32,"column":null}},"type":"if","locations":[{"start":{"line":32,"column":2},"end":{"line":32,"column":null}},{"start":{},"end":{}}],"line":32},"8":{"loc":{"start":{"line":34,"column":2},"end":{"line":34,"column":null}},"type":"if","locations":[{"start":{"line":34,"column":2},"end":{"line":34,"column":null}},{"start":{},"end":{}}],"line":34},"9":{"loc":{"start":{"line":36,"column":2},"end":{"line":36,"column":null}},"type":"if","locations":[{"start":{"line":36,"column":2},"end":{"line":36,"column":null}},{"start":{},"end":{}}],"line":36},"10":{"loc":{"start":{"line":37,"column":2},"end":{"line":37,"column":null}},"type":"if","locations":[{"start":{"line":37,"column":2},"end":{"line":37,"column":null}},{"start":{},"end":{}}],"line":37}},"s":{"0":4,"1":4,"2":4,"3":4,"4":2,"5":2,"6":2,"7":1,"8":2,"9":4,"10":6,"11":6,"12":6,"13":1,"14":5,"15":1,"16":4,"17":4,"18":1,"19":3,"20":3,"21":1,"22":2,"23":1,"24":1,"25":1,"26":1,"27":1,"28":1},"f":{"0":4,"1":4,"2":6,"3":1},"b":{"0":[1,3],"1":[1,3],"2":[2,2],"3":[4,3],"4":[1,1],"5":[1,1],"6":[1,5],"7":[1,4],"8":[1,3],"9":[1,2],"10":[1,1]},"meta":{"lastBranch":11,"lastFunction":4,"lastStatement":29,"seen":{"f:4:16:4:27":0,"s:5:16:5:Infinity":0,"s:6:19:6:Infinity":1,"s:7:2:10:Infinity":2,"b:8:38:8:42:8:42:8:Infinity":0,"b:9:38:9:42:9:42:9:Infinity":1,"f:13:16:13:Infinity":1,"b:18:2:20:Infinity:undefined:undefined:undefined:undefined":2,"s:18:2:20:Infinity":3,"b:18:6:18:36:18:36:18:56":3,"s:19:4:19:Infinity":4,"s:21:26:21:Infinity":5,"b:22:2:22:Infinity:undefined:undefined:undefined:undefined":4,"s:22:2:22:Infinity":6,"s:22:34:22:Infinity":7,"s:23:2:23:Infinity":8,"b:23:26:23:36:23:36:23:44":5,"s:24:2:24:Infinity":9,"f:28:16:28:31":2,"s:29:15:29:Infinity":10,"s:30:18:30:Infinity":11,"b:31:2:31:Infinity:undefined:undefined:undefined:undefined":6,"s:31:2:31:Infinity":12,"s:31:19:31:Infinity":13,"b:32:2:32:Infinity:undefined:undefined:undefined:undefined":7,"s:32:2:32:Infinity":14,"s:32:20:32:Infinity":15,"s:33:16:33:Infinity":16,"b:34:2:34:Infinity:undefined:undefined:undefined:undefined":8,"s:34:2:34:Infinity":17,"s:34:18:34:Infinity":18,"s:35:15:35:Infinity":19,"b:36:2:36:Infinity:undefined:undefined:undefined:undefined":9,"s:36:2:36:Infinity":20,"s:36:18:36:Infinity":21,"b:37:2:37:Infinity:undefined:undefined:undefined:undefined":10,"s:37:2:37:Infinity":22,"s:37:16:37:Infinity":23,"s:38:2:38:Infinity":24,"f:41:16:41:27":3,"s:42:2:42:Infinity":25,"s:45:56:50:Infinity":26,"s:52:61:59:Infinity":27,"s:61:59:66:Infinity":28},"fnNames":{}}}
}
