{"/home/user/flask-starter/apps/api/src/app.ts": {"path":"/home/user/flask-starter/apps/api/src/app.ts","all":false,"statementMap":{"0":{"start":{"line":1,"column":0},"end":{"line":1,"column":30}},"1":{"start":{"line":2,"column":0},"end":{"line":2,"column":33}},"2":{"start":{"line":3,"column":0},"end":{"line":3,"column":43}},"3":{"start":{"line":4,"column":0},"end":{"line":4,"column":44}},"4":{"start":{"line":5,"column":0},"end":{"line":5,"column":43}},"5":{"start":{"line":6,"column":0},"end":{"line":6,"column":31}},"6":{"start":{"line":7,"column":0},"end":{"line":7,"column":41}},"7":{"start":{"line":8,"column":0},"end":{"line":8,"column":41}},"8":{"start":{"line":9,"column":0},"end":{"line":9,"column":43}},"9":{"start":{"line":10,"column":0},"end":{"line":10,"column":42}},"10":{"start":{"line":11,"column":0},"end":{"line":11,"column":50}},"11":{"start":{"line":12,"column":0},"end":{"line":12,"column":52}},"12":{"start":{"line":13,"column":0},"end":{"line":13,"column":49}},"13":{"start":{"line":14,"column":0},"end":{"line":14,"column":47}},"14":{"start":{"line":15,"column":0},"end":{"line":15,"column":51}},"15":{"start":{"line":16,"column":0},"end":{"line":16,"column":59}},"16":{"start":{"line":17,"column":0},"end":{"line":17,"column":47}},"17":{"start":{"line":18,"column":0},"end":{"line":18,"column":42}},"18":{"start":{"line":19,"column":0},"end":{"line":19,"column":44}},"19":{"start":{"line":20,"column":0},"end":{"line":20,"column":54}},"22":{"start":{"line":23,"column":0},"end":{"line":23,"column":34}},"23":{"start":{"line":24,"column":0},"end":{"line":24,"column":40}},"25":{"start":{"line":26,"column":0},"end":{"line":26,"column":45}},"26":{"start":{"line":27,"column":0},"end":{"line":27,"column":33}},"27":{"start":{"line":28,"column":0},"end":{"line":28,"column":32}},"28":{"start":{"line":29,"column":0},"end":{"line":29,"column":32}},"30":{"start":{"line":31,"column":0},"end":{"line":31,"column":47}},"31":{"start":{"line":32,"column":0},"end":{"line":32,"column":79}},"34":{"start":{"line":35,"column":0},"end":{"line":35,"column":53}},"35":{"start":{"line":36,"column":0},"end":{"line":36,"column":34}},"36":{"start":{"line":37,"column":0},"end":{"line":37,"column":35}},"37":{"start":{"line":38,"column":0},"end":{"line":38,"column":36}},"38":{"start":{"line":39,"column":0},"end":{"line":39,"column":88}},"39":{"start":{"line":40,"column":0},"end":{"line":40,"column":9}},"40":{"start":{"line":41,"column":0},"end":{"line":41,"column":5}},"41":{"start":{"line":42,"column":0},"end":{"line":42,"column":23}},"42":{"start":{"line":43,"column":0},"end":{"line":43,"column":63}},"43":{"start":{"line":44,"column":0},"end":{"line":44,"column":80}},"44":{"start":{"line":45,"column":0},"end":{"line":45,"column":40}},"45":{"start":{"line":46,"column":0},"end":{"line":46,"column":84}},"46":{"start":{"line":47,"column":0},"end":{"line":47,"column":7}},"47":{"start":{"line":48,"column":0},"end":{"line":48,"column":5}},"49":{"start":{"line":50,"column":0},"end":{"line":50,"column":53}},"52":{"start":{"line":53,"column":0},"end":{"line":53,"column":56}},"53":{"start":{"line":54,"column":0},"end":{"line":54,"column":54}},"54":{"start":{"line":55,"column":0},"end":{"line":55,"column":28}},"55":{"start":{"line":56,"column":0},"end":{"line":56,"column":9}},"56":{"start":{"line":57,"column":0},"end":{"line":57,"column":56}},"57":{"start":{"line":58,"column":0},"end":{"line":58,"column":13}},"58":{"start":{"line":59,"column":0},"end":{"line":59,"column":45}},"59":{"start":{"line":60,"column":0},"end":{"line":60,"column":13}},"60":{"start":{"line":61,"column":0},"end":{"line":61,"column":5}},"61":{"start":{"line":62,"column":0},"end":{"line":62,"column":35}},"62":{"start":{"line":63,"column":0},"end":{"line":63,"column":64}},"63":{"start":{"line":64,"column":0},"end":{"line":64,"column":5}},"65":{"start":{"line":66,"column":0},"end":{"line":66,"column":58}},"66":{"start":{"line":67,"column":0},"end":{"line":67,"column":66}},"67":{"start":{"line":68,"column":0},"end":{"line":68,"column":68}},"68":{"start":{"line":69,"column":0},"end":{"line":69,"column":65}},"69":{"start":{"line":70,"column":0},"end":{"line":70,"column":63}},"70":{"start":{"line":71,"column":0},"end":{"line":71,"column":67}},"71":{"start":{"line":72,"column":0},"end":{"line":72,"column":75}},"72":{"start":{"line":73,"column":0},"end":{"line":73,"column":63}},"73":{"start":{"line":74,"column":0},"end":{"line":74,"column":58}},"74":{"start":{"line":75,"column":0},"end":{"line":75,"column":60}},"76":{"start":{"line":77,"column":0},"end":{"line":77,"column":13}},"77":{"start":{"line":78,"column":0},"end":{"line":78,"column":1}}},"s":{"0":1,"1":1,"2":1,"3":1,"4":1,"5":1,"6":1,"7":1,"8":1,"9":1,"10":1,"11":1,"12":1,"13":1,"14":1,"15":1,"16":1,"17":1,"18":1,"19":1,"22":11,"23":11,"25":11,"26":11,"27":11,"28":11,"30":11,"31":11,"34":11,"35":9,"36":6,"37":6,"38":6,"39":6,"40":6,"41":3,"42":3,"43":9,"44":9,"45":9,"46":9,"47":11,"49":11,"52":11,"53":2,"54":2,"55":2,"56":2,"57":2,"58":1,"59":1,"60":1,"61":1,"62":1,"63":11,"65":11,"66":11,"67":11,"68":11,"69":11,"70":11,"71":11,"72":11,"73":11,"74":11,"76":11,"77":11},"branchMap":{"0":{"type":"branch","line":23,"loc":{"start":{"line":23,"column":0},"end":{"line":78,"column":1}},"locations":[{"start":{"line":23,"column":0},"end":{"line":78,"column":1}}]},"1":{"type":"branch","line":35,"loc":{"start":{"line":35,"column":22},"end":{"line":48,"column":3}},"locations":[{"start":{"line":35,"column":22},"end":{"line":48,"column":3}}]},"2":{"type":"branch","line":36,"loc":{"start":{"line":36,"column":33},"end":{"line":41,"column":5}},"locations":[{"start":{"line":36,"column":33},"end":{"line":41,"column":5}}]},"3":{"type":"branch","line":41,"loc":{"start":{"line":41,"column":4},"end":{"line":44,"column":61}},"locations":[{"start":{"line":41,"column":4},"end":{"line":44,"column":61}}]},"4":{"type":"branch","line":41,"loc":{"start":{"line":41,"column":4},"end":{"line":44,"column":39}},"locations":[{"start":{"line":41,"column":4},"end":{"line":44,"column":39}}]},"5":{"type":"branch","line":44,"loc":{"start":{"line":44,"column":25},"end":{"line":44,"column":61}},"locations":[{"start":{"line":44,"column":25},"end":{"line":44,"column":61}}]},"6":{"type":"branch","line":44,"loc":{"start":{"line":44,"column":55},"end":{"line":44,"column":76}},"locations":[{"start":{"line":44,"column":55},"end":{"line":44,"column":76}}]},"7":{"type":"branch","line":44,"loc":{"start":{"line":44,"column":63},"end":{"line":44,"column":80}},"locations":[{"start":{"line":44,"column":63},"end":{"line":44,"column":80}}]},"8":{"type":"branch","line":46,"loc":{"start":{"line":46,"column":27},"end":{"line":46,"column":61}},"locations":[{"start":{"line":46,"column":27},"end":{"line":46,"column":61}}]},"9":{"type":"branch","line":46,"loc":{"start":{"line":46,"column":33},"end":{"line":46,"column":84}},"locations":[{"start":{"line":46,"column":33},"end":{"line":46,"column":84}}]},"10":{"type":"branch","line":46,"loc":{"start":{"line":46,"column":63},"end":{"line":46,"column":84}},"locations":[{"start":{"line":46,"column":63},"end":{"line":46,"column":84}}]},"11":{"type":"branch","line":39,"loc":{"start":{"line":39,"column":31},"end":{"line":39,"column":86}},"locations":[{"start":{"line":39,"column":31},"end":{"line":39,"column":86}}]},"12":{"type":"branch","line":53,"loc":{"start":{"line":53,"column":38},"end":{"line":64,"column":3}},"locations":[{"start":{"line":53,"column":38},"end":{"line":64,"column":3}}]},"13":{"type":"branch","line":57,"loc":{"start":{"line":57,"column":43},"end":{"line":57,"column":54}},"locations":[{"start":{"line":57,"column":43},"end":{"line":57,"column":54}}]},"14":{"type":"branch","line":58,"loc":{"start":{"line":58,"column":4},"end":{"line":63,"column":64}},"locations":[{"start":{"line":58,"column":4},"end":{"line":63,"column":64}}]},"15":{"type":"branch","line":63,"loc":{"start":{"line":63,"column":23},"end":{"line":63,"column":62}},"locations":[{"start":{"line":63,"column":23},"end":{"line":63,"column":62}}]}},"b":{"0":[11],"1":[9],"2":[6],"3":[4],"4":[3],"5":[1],"6":[1],"7":[2],"8":[2],"9":[1],"10":[0],"11":[6],"12":[2],"13":[0],"14":[1],"15":[1]},"fnMap":{"0":{"name":"buildApp","decl":{"start":{"line":23,"column":0},"end":{"line":78,"column":1}},"loc":{"start":{"line":23,"column":0},"end":{"line":78,"column":1}},"line":23}},"f":{"0":11}}
,"/home/user/flask-starter/apps/api/src/config.ts": {"path":"/home/user/flask-starter/apps/api/src/config.ts","all":false,"statementMap":{"0":{"start":{"line":1,"column":0},"end":{"line":1,"column":23}},"1":{"start":{"line":2,"column":0},"end":{"line":2,"column":29}},"2":{"start":{"line":3,"column":0},"end":{"line":3,"column":24}},"4":{"start":{"line":5,"column":0},"end":{"line":5,"column":28}},"5":{"start":{"line":6,"column":0},"end":{"line":6,"column":34}},"6":{"start":{"line":7,"column":0},"end":{"line":7,"column":64}},"7":{"start":{"line":8,"column":0},"end":{"line":8,"column":40}},"8":{"start":{"line":9,"column":0},"end":{"line":9,"column":38}},"9":{"start":{"line":10,"column":0},"end":{"line":10,"column":63}},"10":{"start":{"line":11,"column":0},"end":{"line":11,"column":3}},"12":{"start":{"line":13,"column":0},"end":{"line":13,"column":51}},"15":{"start":{"line":16,"column":0},"end":{"line":16,"column":65}},"18":{"start":{"line":19,"column":0},"end":{"line":19,"column":35}}},"s":{"0":1,"1":1,"2":1,"4":1,"5":1,"6":1,"7":1,"8":1,"9":1,"10":1,"12":1,"15":1,"18":1},"branchMap":{},"b":{},"fnMap":{},"f":{}}
,"/home/user/flask-starter/apps/api/src/db.ts": {"path":"/home/user/flask-starter/apps/api/src/db.ts","all":false,"statementMap":{"0":{"start":{"line":1,"column":0},"end":{"line":1,"column":46}},"2":{"start":{"line":3,"column":0},"end":{"line":3,"column":41}}},"s":{"0":1,"2":1},"branchMap":{},"b":{},"fnMap":{},"f":{}}
,"/home/user/flask-starter/apps/api/src/lib/pagination.ts": {"path":"/home/user/flask-starter/apps/api/src/lib/pagination.ts","all":false,"statementMap":{"0":{"start":{"line":1,"column":0},"end":{"line":1,"column":24}},"2":{"start":{"line":3,"column":0},"end":{"line":3,"column":42}},"3":{"start":{"line":4,"column":0},"end":{"line":4,"column":50}},"4":{"start":{"line":5,"column":0},"end":{"line":5,"column":61}},"5":{"start":{"line":6,"column":0},"end":{"line":6,"column":3}},"7":{"start":{"line":8,"column":0},"end":{"line":8,"column":64}},"8":{"start":{"line":9,"column":0},"end":{"line":9,"column":57}},"9":{"start":{"line":10,"column":0},"end":{"line":10,"column":1}}},"s":{"0":1,"2":1,"3":1,"4":1,"5":1,"7":1,"8":15,"9":15},"branchMap":{"0":{"type":"branch","line":8,"loc":{"start":{"line":8,"column":7},"end":{"line":10,"column":1}},"locations":[{"start":{"line":8,"column":7},"end":{"line":10,"column":1}}]}},"b":{"0":[15]},"fnMap":{"0":{"name":"toSkipTake","decl":{"start":{"line":8,"column":7},"end":{"line":10,"column":1}},"loc":{"start":{"line":8,"column":7},"end":{"line":10,"column":1}},"line":8}},"f":{"0":15}}
,"/home/user/flask-starter/apps/api/src/lib/passwords.ts": {"path":"/home/user/flask-starter/apps/api/src/lib/passwords.ts","all":false,"statementMap":{"0":{"start":{"line":1,"column":0},"end":{"line":1,"column":30}},"2":{"start":{"line":3,"column":0},"end":{"line":3,"column":18}},"4":{"start":{"line":5,"column":0},"end":{"line":5,"column":68}},"5":{"start":{"line":6,"column":0},"end":{"line":6,"column":36}},"6":{"start":{"line":7,"column":0},"end":{"line":7,"column":1}},"8":{"start":{"line":9,"column":0},"end":{"line":9,"column":85}},"9":{"start":{"line":10,"column":0},"end":{"line":10,"column":37}},"10":{"start":{"line":11,"column":0},"end":{"line":11,"column":1}}},"s":{"0":1,"2":1,"4":155,"5":155,"6":155,"8":4,"9":4,"10":4},"branchMap":{"0":{"type":"branch","line":5,"loc":{"start":{"line":5,"column":0},"end":{"line":7,"column":1}},"locations":[{"start":{"line":5,"column":0},"end":{"line":7,"column":1}}]},"1":{"type":"branch","line":9,"loc":{"start":{"line":9,"column":0},"end":{"line":11,"column":1}},"locations":[{"start":{"line":9,"column":0},"end":{"line":11,"column":1}}]}},"b":{"0":[155],"1":[4]},"fnMap":{"0":{"name":"hashPassword","decl":{"start":{"line":5,"column":0},"end":{"line":7,"column":1}},"loc":{"start":{"line":5,"column":0},"end":{"line":7,"column":1}},"line":5},"1":{"name":"verifyPassword","decl":{"start":{"line":9,"column":0},"end":{"line":11,"column":1}},"loc":{"start":{"line":9,"column":0},"end":{"line":11,"column":1}},"line":9}},"f":{"0":155,"1":4}}
,"/home/user/flask-starter/apps/api/src/lib/push.ts": {"path":"/home/user/flask-starter/apps/api/src/lib/push.ts","all":false,"statementMap":{"0":{"start":{"line":1,"column":0},"end":{"line":1,"column":39}},"1":{"start":{"line":2,"column":0},"end":{"line":2,"column":34}},"3":{"start":{"line":4,"column":0},"end":{"line":4,"column":24}},"10":{"start":{"line":11,"column":0},"end":{"line":11,"column":38}},"11":{"start":{"line":12,"column":0},"end":{"line":12,"column":20}},"12":{"start":{"line":13,"column":0},"end":{"line":13,"column":16}},"13":{"start":{"line":14,"column":0},"end":{"line":14,"column":15}},"14":{"start":{"line":15,"column":0},"end":{"line":15,"column":33}},"15":{"start":{"line":16,"column":0},"end":{"line":16,"column":18}},"16":{"start":{"line":17,"column":0},"end":{"line":17,"column":35}},"17":{"start":{"line":18,"column":0},"end":{"line":18,"column":7}},"18":{"start":{"line":19,"column":0},"end":{"line":19,"column":91}},"19":{"start":{"line":20,"column":0},"end":{"line":20,"column":27}},"20":{"start":{"line":21,"column":0},"end":{"line":21,"column":51}},"21":{"start":{"line":22,"column":0},"end":{"line":22,"column":83}},"22":{"start":{"line":23,"column":0},"end":{"line":23,"column":38}},"23":{"start":{"line":24,"column":0},"end":{"line":24,"column":64}},"24":{"start":{"line":25,"column":0},"end":{"line":25,"column":51}},"25":{"start":{"line":26,"column":0},"end":{"line":26,"column":5}},"26":{"start":{"line":27,"column":0},"end":{"line":27,"column":17}},"27":{"start":{"line":28,"column":0},"end":{"line":28,"column":55}},"28":{"start":{"line":29,"column":0},"end":{"line":29,"column":3}},"29":{"start":{"line":30,"column":0},"end":{"line":30,"column":1}}},"s":{"0":1,"1":1,"3":1,"10":31,"11":31,"12":31,"13":31,"14":31,"15":31,"16":31,"17":30,"18":30,"19":30,"20":30,"21":30,"22":30,"23":31,"24":3,"25":2,"26":1,"27":1,"28":1,"29":31},"branchMap":{"0":{"type":"branch","line":11,"loc":{"start":{"line":11,"column":0},"end":{"line":30,"column":1}},"locations":[{"start":{"line":11,"column":0},"end":{"line":30,"column":1}}]},"1":{"type":"branch","line":17,"loc":{"start":{"line":17,"column":28},"end":{"line":17,"column":35}},"locations":[{"start":{"line":17,"column":28},"end":{"line":17,"column":35}}]},"2":{"type":"branch","line":17,"loc":{"start":{"line":17,"column":28},"end":{"line":23,"column":38}},"locations":[{"start":{"line":17,"column":28},"end":{"line":23,"column":38}}]},"3":{"type":"branch","line":23,"loc":{"start":{"line":23,"column":31},"end":{"line":24,"column":63}},"locations":[{"start":{"line":23,"column":31},"end":{"line":24,"column":63}}]},"4":{"type":"branch","line":23,"loc":{"start":{"line":23,"column":31},"end":{"line":23,"column":38}},"locations":[{"start":{"line":23,"column":31},"end":{"line":23,"column":38}}]},"5":{"type":"branch","line":23,"loc":{"start":{"line":23,"column":31},"end":{"line":24,"column":63}},"locations":[{"start":{"line":23,"column":31},"end":{"line":24,"column":63}}]},"6":{"type":"branch","line":24,"loc":{"start":{"line":24,"column":63},"end":{"line":29,"column":3}},"locations":[{"start":{"line":24,"column":63},"end":{"line":29,"column":3}}]},"7":{"type":"branch","line":24,"loc":{"start":{"line":24,"column":63},"end":{"line":26,"column":5}},"locations":[{"start":{"line":24,"column":63},"end":{"line":26,"column":5}}]},"8":{"type":"branch","line":25,"loc":{"start":{"line":25,"column":49},"end":{"line":26,"column":5}},"locations":[{"start":{"line":25,"column":49},"end":{"line":26,"column":5}}]},"9":{"type":"branch","line":26,"loc":{"start":{"line":26,"column":4},"end":{"line":29,"column":3}},"locations":[{"start":{"line":26,"column":4},"end":{"line":29,"column":3}}]},"10":{"type":"branch","line":21,"loc":{"start":{"line":21,"column":14},"end":{"line":21,"column":50}},"locations":[{"start":{"line":21,"column":14},"end":{"line":21,"column":50}}]},"11":{"type":"branch","line":22,"loc":{"start":{"line":22,"column":11},"end":{"line":22,"column":81}},"locations":[{"start":{"line":22,"column":11},"end":{"line":22,"column":81}}]}},"b":{"0":[31],"1":[1],"2":[30],"3":[29],"4":[28],"5":[2],"6":[4],"7":[3],"8":[2],"9":[1],"10":[4],"11":[3]},"fnMap":{"0":{"name":"sendPushToUsers","decl":{"start":{"line":11,"column":0},"end":{"line":30,"column":1}},"loc":{"start":{"line":11,"column":0},"end":{"line":30,"column":1}},"line":11}},"f":{"0":31}}
,"/home/user/flask-starter/apps/api/src/lib/vat.ts": {"path":"/home/user/flask-starter/apps/api/src/lib/vat.ts","all":false,"statementMap":{"4":{"start":{"line":5,"column":0},"end":{"line":5,"column":42}},"5":{"start":{"line":6,"column":0},"end":{"line":6,"column":19}},"6":{"start":{"line":7,"column":0},"end":{"line":7,"column":22}},"7":{"start":{"line":8,"column":0},"end":{"line":8,"column":26}},"8":{"start":{"line":9,"column":0},"end":{"line":9,"column":18}},"9":{"start":{"line":10,"column":0},"end":{"line":10,"column":18}},"10":{"start":{"line":11,"column":0},"end":{"line":11,"column":34}},"11":{"start":{"line":12,"column":0},"end":{"line":12,"column":29}},"12":{"start":{"line":13,"column":0},"end":{"line":13,"column":19}},"13":{"start":{"line":14,"column":0},"end":{"line":14,"column":24}},"14":{"start":{"line":15,"column":0},"end":{"line":15,"column":19}},"15":{"start":{"line":16,"column":0},"end":{"line":16,"column":2}},"17":{"start":{"line":18,"column":0},"end":{"line":18,"column":43}},"19":{"start":{"line":20,"column":0},"end":{"line":20,"column":55}},"20":{"start":{"line":21,"column":0},"end":{"line":21,"column":52}},"21":{"start":{"line":22,"column":0},"end":{"line":22,"column":1}},"23":{"start":{"line":24,"column":0},"end":{"line":24,"column":54}},"24":{"start":{"line":25,"column":0},"end":{"line":25,"column":36}},"25":{"start":{"line":26,"column":0},"end":{"line":26,"column":33}},"26":{"start":{"line":27,"column":0},"end":{"line":27,"column":35}},"27":{"start":{"line":28,"column":0},"end":{"line":28,"column":40}},"28":{"start":{"line":29,"column":0},"end":{"line":29,"column":27}},"29":{"start":{"line":30,"column":0},"end":{"line":30,"column":1}}},"s":{"4":1,"5":1,"6":1,"7":1,"8":1,"9":1,"10":1,"11":1,"12":1,"13":1,"14":1,"15":1,"17":1,"19":1,"20":19,"21":19,"23":1,"24":14,"25":14,"26":14,"27":14,"28":2,"29":2},"branchMap":{"0":{"type":"branch","line":20,"loc":{"start":{"line":20,"column":7},"end":{"line":22,"column":1}},"locations":[{"start":{"line":20,"column":7},"end":{"line":22,"column":1}}]},"1":{"type":"branch","line":24,"loc":{"start":{"line":24,"column":7},"end":{"line":30,"column":1}},"locations":[{"start":{"line":24,"column":7},"end":{"line":30,"column":1}}]},"2":{"type":"branch","line":28,"loc":{"start":{"line":28,"column":15},"end":{"line":28,"column":40}},"locations":[{"start":{"line":28,"column":15},"end":{"line":28,"column":40}}]},"3":{"type":"branch","line":28,"loc":{"start":{"line":28,"column":38},"end":{"line":30,"column":1}},"locations":[{"start":{"line":28,"column":38},"end":{"line":30,"column":1}}]}},"b":{"0":[19],"1":[14],"2":[12],"3":[2]},"fnMap":{"0":{"name":"normalizeVatId","decl":{"start":{"line":20,"column":7},"end":{"line":22,"column":1}},"loc":{"start":{"line":20,"column":7},"end":{"line":22,"column":1}},"line":20},"1":{"name":"isValidVatId","decl":{"start":{"line":24,"column":7},"end":{"line":30,"column":1}},"loc":{"start":{"line":24,"column":7},"end":{"line":30,"column":1}},"line":24}},"f":{"0":19,"1":14}}
,"/home/user/flask-starter/apps/api/src/lib/ws.ts": {"path":"/home/user/flask-starter/apps/api/src/lib/ws.ts","all":false,"statementMap":{"6":{"start":{"line":7,"column":0},"end":{"line":7,"column":50}},"8":{"start":{"line":9,"column":0},"end":{"line":9,"column":64}},"9":{"start":{"line":10,"column":0},"end":{"line":10,"column":32}},"10":{"start":{"line":11,"column":0},"end":{"line":11,"column":13}},"11":{"start":{"line":12,"column":0},"end":{"line":12,"column":20}},"12":{"start":{"line":13,"column":0},"end":{"line":13,"column":29}},"13":{"start":{"line":14,"column":0},"end":{"line":14,"column":3}},"14":{"start":{"line":15,"column":0},"end":{"line":15,"column":14}},"15":{"start":{"line":16,"column":0},"end":{"line":16,"column":1}},"17":{"start":{"line":18,"column":0},"end":{"line":18,"column":67}},"18":{"start":{"line":19,"column":0},"end":{"line":19,"column":34}},"19":{"start":{"line":20,"column":0},"end":{"line":20,"column":19}},"20":{"start":{"line":21,"column":0},"end":{"line":21,"column":17}},"21":{"start":{"line":22,"column":0},"end":{"line":22,"column":45}},"22":{"start":{"line":23,"column":0},"end":{"line":23,"column":1}},"24":{"start":{"line":25,"column":0},"end":{"line":25,"column":51}},"25":{"start":{"line":26,"column":0},"end":{"line":26,"column":29}},"26":{"start":{"line":27,"column":0},"end":{"line":27,"column":1}},"28":{"start":{"line":29,"column":0},"end":{"line":29,"column":97}},"29":{"start":{"line":30,"column":0},"end":{"line":30,"column":36}},"30":{"start":{"line":31,"column":0},"end":{"line":31,"column":33}},"31":{"start":{"line":32,"column":0},"end":{"line":32,"column":36}},"32":{"start":{"line":33,"column":0},"end":{"line":33,"column":23}},"33":{"start":{"line":34,"column":0},"end":{"line":34,"column":27}},"34":{"start":{"line":35,"column":0},"end":{"line":35,"column":50}},"35":{"start":{"line":36,"column":0},"end":{"line":36,"column":5}},"36":{"start":{"line":37,"column":0},"end":{"line":37,"column":3}},"37":{"start":{"line":38,"column":0},"end":{"line":38,"column":1}}},"s":{"6":1,"8":1,"9":5,"10":5,"11":3,"12":3,"13":3,"14":5,"15":5,"17":1,"18":6,"19":6,"20":5,"21":6,"22":6,"24":1,"25":3,"26":3,"28":1,"29":23,"30":23,"31":24,"32":24,"33":24,"34":3,"35":3,"36":2,"37":23},"branchMap":{"0":{"type":"branch","line":9,"loc":{"start":{"line":9,"column":7},"end":{"line":16,"column":1}},"locations":[{"start":{"line":9,"column":7},"end":{"line":16,"column":1}}]},"1":{"type":"branch","line":11,"loc":{"start":{"line":11,"column":12},"end":{"line":14,"column":3}},"locations":[{"start":{"line":11,"column":12},"end":{"line":14,"column":3}}]},"2":{"type":"branch","line":18,"loc":{"start":{"line":18,"column":7},"end":{"line":23,"column":1}},"locations":[{"start":{"line":18,"column":7},"end":{"line":23,"column":1}}]},"3":{"type":"branch","line":20,"loc":{"start":{"line":20,"column":12},"end":{"line":20,"column":19}},"locations":[{"start":{"line":20,"column":12},"end":{"line":20,"column":19}}]},"4":{"type":"branch","line":20,"loc":{"start":{"line":20,"column":12},"end":{"line":22,"column":30}},"locations":[{"start":{"line":20,"column":12},"end":{"line":22,"column":30}}]},"5":{"type":"branch","line":22,"loc":{"start":{"line":22,"column":22},"end":{"line":22,"column":45}},"locations":[{"start":{"line":22,"column":22},"end":{"line":22,"column":45}}]},"6":{"type":"branch","line":25,"loc":{"start":{"line":25,"column":7},"end":{"line":27,"column":1}},"locations":[{"start":{"line":25,"column":7},"end":{"line":27,"column":1}}]},"7":{"type":"branch","line":29,"loc":{"start":{"line":29,"column":7},"end":{"line":38,"column":1}},"locations":[{"start":{"line":29,"column":7},"end":{"line":38,"column":1}}]},"8":{"type":"branch","line":31,"loc":{"start":{"line":31,"column":32},"end":{"line":37,"column":3}},"locations":[{"start":{"line":31,"column":32},"end":{"line":37,"column":3}}]},"9":{"type":"branch","line":33,"loc":{"start":{"line":33,"column":14},"end":{"line":34,"column":26}},"locations":[{"start":{"line":33,"column":14},"end":{"line":34,"column":26}}]},"10":{"type":"branch","line":33,"loc":{"start":{"line":33,"column":14},"end":{"line":33,"column":23}},"locations":[{"start":{"line":33,"column":14},"end":{"line":33,"column":23}}]},"11":{"type":"branch","line":33,"loc":{"start":{"line":33,"column":14},"end":{"line":34,"column":26}},"locations":[{"start":{"line":33,"column":14},"end":{"line":34,"column":26}}]},"12":{"type":"branch","line":34,"loc":{"start":{"line":34,"column":26},"end":{"line":37,"column":3}},"locations":[{"start":{"line":34,"column":26},"end":{"line":37,"column":3}}]},"13":{"type":"branch","line":35,"loc":{"start":{"line":35,"column":37},"end":{"line":35,"column":50}},"locations":[{"start":{"line":35,"column":37},"end":{"line":35,"column":50}}]},"14":{"type":"branch","line":36,"loc":{"start":{"line":36,"column":4},"end":{"line":37,"column":3}},"locations":[{"start":{"line":36,"column":4},"end":{"line":37,"column":3}}]}},"b":{"0":[5],"1":[3],"2":[6],"3":[1],"4":[5],"5":[3],"6":[3],"7":[23],"8":[24],"9":[23],"10":[22],"11":[2],"12":[3],"13":[2],"14":[2]},"fnMap":{"0":{"name":"addSocket","decl":{"start":{"line":9,"column":7},"end":{"line":16,"column":1}},"loc":{"start":{"line":9,"column":7},"end":{"line":16,"column":1}},"line":9},"1":{"name":"removeSocket","decl":{"start":{"line":18,"column":7},"end":{"line":23,"column":1}},"loc":{"start":{"line":18,"column":7},"end":{"line":23,"column":1}},"line":18},"2":{"name":"isOnline","decl":{"start":{"line":25,"column":7},"end":{"line":27,"column":1}},"loc":{"start":{"line":25,"column":7},"end":{"line":27,"column":1}},"line":25},"3":{"name":"sendToUsers","decl":{"start":{"line":29,"column":7},"end":{"line":38,"column":1}},"loc":{"start":{"line":29,"column":7},"end":{"line":38,"column":1}},"line":29}},"f":{"0":5,"1":6,"2":3,"3":23}}
,"/home/user/flask-starter/apps/api/src/plugins/auth.ts": {"path":"/home/user/flask-starter/apps/api/src/plugins/auth.ts","all":false,"statementMap":{"0":{"start":{"line":1,"column":0},"end":{"line":1,"column":32}},"1":{"start":{"line":2,"column":0},"end":{"line":2,"column":31}},"4":{"start":{"line":5,"column":0},"end":{"line":5,"column":38}},"5":{"start":{"line":6,"column":0},"end":{"line":6,"column":34}},"27":{"start":{"line":28,"column":0},"end":{"line":28,"column":51}},"28":{"start":{"line":29,"column":0},"end":{"line":29,"column":85}},"30":{"start":{"line":31,"column":0},"end":{"line":31,"column":84}},"31":{"start":{"line":32,"column":0},"end":{"line":32,"column":9}},"32":{"start":{"line":33,"column":0},"end":{"line":33,"column":28}},"33":{"start":{"line":34,"column":0},"end":{"line":34,"column":13}},"34":{"start":{"line":35,"column":0},"end":{"line":35,"column":66}},"35":{"start":{"line":36,"column":0},"end":{"line":36,"column":5}},"36":{"start":{"line":37,"column":0},"end":{"line":37,"column":5}},"38":{"start":{"line":39,"column":0},"end":{"line":39,"column":84}},"39":{"start":{"line":40,"column":0},"end":{"line":40,"column":9}},"40":{"start":{"line":41,"column":0},"end":{"line":41,"column":28}},"41":{"start":{"line":42,"column":0},"end":{"line":42,"column":13}},"42":{"start":{"line":43,"column":0},"end":{"line":43,"column":66}},"43":{"start":{"line":44,"column":0},"end":{"line":44,"column":5}},"44":{"start":{"line":45,"column":0},"end":{"line":45,"column":36}},"45":{"start":{"line":46,"column":0},"end":{"line":46,"column":73}},"46":{"start":{"line":47,"column":0},"end":{"line":47,"column":5}},"47":{"start":{"line":48,"column":0},"end":{"line":48,"column":5}},"48":{"start":{"line":49,"column":0},"end":{"line":49,"column":3}},"55":{"start":{"line":56,"column":0},"end":{"line":56,"column":88}},"56":{"start":{"line":57,"column":0},"end":{"line":57,"column":39}},"57":{"start":{"line":58,"column":0},"end":{"line":58,"column":19}},"58":{"start":{"line":59,"column":0},"end":{"line":59,"column":63}},"59":{"start":{"line":60,"column":0},"end":{"line":60,"column":16}},"60":{"start":{"line":61,"column":0},"end":{"line":61,"column":3}},"61":{"start":{"line":62,"column":0},"end":{"line":62,"column":80}},"62":{"start":{"line":63,"column":0},"end":{"line":63,"column":17}},"63":{"start":{"line":64,"column":0},"end":{"line":64,"column":67}},"64":{"start":{"line":65,"column":0},"end":{"line":65,"column":16}},"65":{"start":{"line":66,"column":0},"end":{"line":66,"column":3}},"66":{"start":{"line":67,"column":0},"end":{"line":67,"column":38}},"67":{"start":{"line":68,"column":0},"end":{"line":68,"column":32}},"68":{"start":{"line":69,"column":0},"end":{"line":69,"column":96}},"69":{"start":{"line":70,"column":0},"end":{"line":70,"column":35}},"70":{"start":{"line":71,"column":0},"end":{"line":71,"column":36}},"71":{"start":{"line":72,"column":0},"end":{"line":72,"column":7}},"72":{"start":{"line":73,"column":0},"end":{"line":73,"column":16}},"73":{"start":{"line":74,"column":0},"end":{"line":74,"column":3}},"74":{"start":{"line":75,"column":0},"end":{"line":75,"column":17}},"75":{"start":{"line":76,"column":0},"end":{"line":76,"column":1}}},"s":{"0":1,"1":1,"4":1,"5":1,"27":1,"28":11,"30":11,"31":123,"32":123,"33":123,"34":6,"35":6,"36":11,"38":11,"39":35,"40":35,"41":35,"42":1,"43":1,"44":35,"45":3,"46":3,"47":11,"48":11,"55":27,"56":27,"57":27,"58":2,"59":2,"60":2,"61":25,"62":27,"63":1,"64":1,"65":1,"66":27,"67":2,"68":2,"69":2,"70":2,"71":2,"72":2,"73":2,"74":22,"75":22},"branchMap":{"0":{"type":"branch","line":28,"loc":{"start":{"line":28,"column":18},"end":{"line":49,"column":3}},"locations":[{"start":{"line":28,"column":18},"end":{"line":49,"column":3}}]},"1":{"type":"branch","line":31,"loc":{"start":{"line":31,"column":31},"end":{"line":37,"column":3}},"locations":[{"start":{"line":31,"column":31},"end":{"line":37,"column":3}}]},"2":{"type":"branch","line":33,"loc":{"start":{"line":33,"column":26},"end":{"line":34,"column":12}},"locations":[{"start":{"line":33,"column":26},"end":{"line":34,"column":12}}]},"3":{"type":"branch","line":34,"loc":{"start":{"line":34,"column":4},"end":{"line":36,"column":5}},"locations":[{"start":{"line":34,"column":4},"end":{"line":36,"column":5}}]},"4":{"type":"branch","line":39,"loc":{"start":{"line":39,"column":31},"end":{"line":48,"column":3}},"locations":[{"start":{"line":39,"column":31},"end":{"line":48,"column":3}}]},"5":{"type":"branch","line":41,"loc":{"start":{"line":41,"column":26},"end":{"line":42,"column":12}},"locations":[{"start":{"line":41,"column":26},"end":{"line":42,"column":12}}]},"6":{"type":"branch","line":42,"loc":{"start":{"line":42,"column":4},"end":{"line":44,"column":5}},"locations":[{"start":{"line":42,"column":4},"end":{"line":44,"column":5}}]},"7":{"type":"branch","line":44,"loc":{"start":{"line":44,"column":4},"end":{"line":45,"column":35}},"locations":[{"start":{"line":44,"column":4},"end":{"line":45,"column":35}}]},"8":{"type":"branch","line":45,"loc":{"start":{"line":45,"column":35},"end":{"line":47,"column":5}},"locations":[{"start":{"line":45,"column":35},"end":{"line":47,"column":5}}]},"9":{"type":"branch","line":56,"loc":{"start":{"line":56,"column":0},"end":{"line":76,"column":1}},"locations":[{"start":{"line":56,"column":0},"end":{"line":76,"column":1}}]},"10":{"type":"branch","line":58,"loc":{"start":{"line":58,"column":18},"end":{"line":61,"column":3}},"locations":[{"start":{"line":58,"column":18},"end":{"line":61,"column":3}}]},"11":{"type":"branch","line":61,"loc":{"start":{"line":61,"column":2},"end":{"line":63,"column":16}},"locations":[{"start":{"line":61,"column":2},"end":{"line":63,"column":16}}]},"12":{"type":"branch","line":63,"loc":{"start":{"line":63,"column":16},"end":{"line":66,"column":3}},"locations":[{"start":{"line":63,"column":16},"end":{"line":66,"column":3}}]},"13":{"type":"branch","line":66,"loc":{"start":{"line":66,"column":2},"end":{"line":67,"column":37}},"locations":[{"start":{"line":66,"column":2},"end":{"line":67,"column":37}}]},"14":{"type":"branch","line":67,"loc":{"start":{"line":67,"column":37},"end":{"line":74,"column":3}},"locations":[{"start":{"line":67,"column":37},"end":{"line":74,"column":3}}]},"15":{"type":"branch","line":74,"loc":{"start":{"line":74,"column":2},"end":{"line":76,"column":1}},"locations":[{"start":{"line":74,"column":2},"end":{"line":76,"column":1}}]}},"b":{"0":[11],"1":[123],"2":[117],"3":[6],"4":[35],"5":[34],"6":[1],"7":[34],"8":[3],"9":[27],"10":[2],"11":[25],"12":[1],"13":[24],"14":[2],"15":[22]},"fnMap":{"0":{"name":"requireVerifiedCompany","decl":{"start":{"line":56,"column":0},"end":{"line":76,"column":1}},"loc":{"start":{"line":56,"column":0},"end":{"line":76,"column":1}},"line":56}},"f":{"0":27}}
,"/home/user/flask-starter/apps/api/src/routes/admin.ts": {"path":"/home/user/flask-starter/apps/api/src/routes/admin.ts","all":false,"statementMap":{"2":{"start":{"line":3,"column":0},"end":{"line":3,"column":24}},"3":{"start":{"line":4,"column":0},"end":{"line":4,"column":34}},"4":{"start":{"line":5,"column":0},"end":{"line":5,"column":68}},"5":{"start":{"line":6,"column":0},"end":{"line":6,"column":49}},"7":{"start":{"line":8,"column":0},"end":{"line":8,"column":53}},"8":{"start":{"line":9,"column":0},"end":{"line":9,"column":99}},"9":{"start":{"line":10,"column":0},"end":{"line":10,"column":36}},"10":{"start":{"line":11,"column":0},"end":{"line":11,"column":3}},"12":{"start":{"line":13,"column":0},"end":{"line":13,"column":31}},"13":{"start":{"line":14,"column":0},"end":{"line":14,"column":23}},"14":{"start":{"line":15,"column":0},"end":{"line":15,"column":42}},"15":{"start":{"line":16,"column":0},"end":{"line":16,"column":3}},"17":{"start":{"line":18,"column":0},"end":{"line":18,"column":32}},"18":{"start":{"line":19,"column":0},"end":{"line":19,"column":23}},"19":{"start":{"line":20,"column":0},"end":{"line":20,"column":42}},"20":{"start":{"line":21,"column":0},"end":{"line":21,"column":3}},"22":{"start":{"line":23,"column":0},"end":{"line":23,"column":53}},"23":{"start":{"line":24,"column":0},"end":{"line":24,"column":89}},"24":{"start":{"line":25,"column":0},"end":{"line":25,"column":36}},"25":{"start":{"line":26,"column":0},"end":{"line":26,"column":3}},"27":{"start":{"line":28,"column":0},"end":{"line":28,"column":78}},"29":{"start":{"line":30,"column":0},"end":{"line":30,"column":52}},"30":{"start":{"line":31,"column":0},"end":{"line":31,"column":63}},"31":{"start":{"line":32,"column":0},"end":{"line":32,"column":3}},"33":{"start":{"line":34,"column":0},"end":{"line":34,"column":38}},"34":{"start":{"line":35,"column":0},"end":{"line":35,"column":44}},"35":{"start":{"line":36,"column":0},"end":{"line":36,"column":40}},"36":{"start":{"line":37,"column":0},"end":{"line":37,"column":3}},"38":{"start":{"line":39,"column":0},"end":{"line":39,"column":33}},"39":{"start":{"line":40,"column":0},"end":{"line":40,"column":35}},"40":{"start":{"line":41,"column":0},"end":{"line":41,"column":57}},"41":{"start":{"line":42,"column":0},"end":{"line":42,"column":45}},"42":{"start":{"line":43,"column":0},"end":{"line":43,"column":41}},"43":{"start":{"line":44,"column":0},"end":{"line":44,"column":38}},"44":{"start":{"line":45,"column":0},"end":{"line":45,"column":3}},"46":{"start":{"line":47,"column":0},"end":{"line":47,"column":108}},"47":{"start":{"line":48,"column":0},"end":{"line":48,"column":90}},"48":{"start":{"line":49,"column":0},"end":{"line":49,"column":1}},"50":{"start":{"line":51,"column":0},"end":{"line":51,"column":83}},"51":{"start":{"line":52,"column":0},"end":{"line":52,"column":107}},"52":{"start":{"line":53,"column":0},"end":{"line":53,"column":60}},"53":{"start":{"line":54,"column":0},"end":{"line":54,"column":1}},"55":{"start":{"line":56,"column":0},"end":{"line":56,"column":65}},"56":{"start":{"line":57,"column":0},"end":{"line":57,"column":46}},"59":{"start":{"line":60,"column":0},"end":{"line":60,"column":33}},"60":{"start":{"line":61,"column":0},"end":{"line":61,"column":106}},"61":{"start":{"line":62,"column":0},"end":{"line":62,"column":63}},"62":{"start":{"line":63,"column":0},"end":{"line":63,"column":63}},"63":{"start":{"line":64,"column":0},"end":{"line":64,"column":57}},"64":{"start":{"line":65,"column":0},"end":{"line":65,"column":63}},"65":{"start":{"line":66,"column":0},"end":{"line":66,"column":68}},"66":{"start":{"line":67,"column":0},"end":{"line":67,"column":7}},"67":{"start":{"line":68,"column":0},"end":{"line":68,"column":12}},"68":{"start":{"line":69,"column":0},"end":{"line":69,"column":96}},"69":{"start":{"line":70,"column":0},"end":{"line":70,"column":94}},"70":{"start":{"line":71,"column":0},"end":{"line":71,"column":18}},"71":{"start":{"line":72,"column":0},"end":{"line":72,"column":17}},"72":{"start":{"line":73,"column":0},"end":{"line":73,"column":17}},"73":{"start":{"line":74,"column":0},"end":{"line":74,"column":6}},"74":{"start":{"line":75,"column":0},"end":{"line":75,"column":5}},"77":{"start":{"line":78,"column":0},"end":{"line":78,"column":40}},"78":{"start":{"line":79,"column":0},"end":{"line":79,"column":55}},"79":{"start":{"line":80,"column":0},"end":{"line":80,"column":47}},"80":{"start":{"line":81,"column":0},"end":{"line":81,"column":50}},"81":{"start":{"line":82,"column":0},"end":{"line":82,"column":18}},"82":{"start":{"line":83,"column":0},"end":{"line":83,"column":18}},"83":{"start":{"line":84,"column":0},"end":{"line":84,"column":61}},"84":{"start":{"line":85,"column":0},"end":{"line":85,"column":62}},"85":{"start":{"line":86,"column":0},"end":{"line":86,"column":61}},"86":{"start":{"line":87,"column":0},"end":{"line":87,"column":8}},"87":{"start":{"line":88,"column":0},"end":{"line":88,"column":5}},"88":{"start":{"line":89,"column":0},"end":{"line":89,"column":46}},"89":{"start":{"line":90,"column":0},"end":{"line":90,"column":31}},"90":{"start":{"line":91,"column":0},"end":{"line":91,"column":14}},"91":{"start":{"line":92,"column":0},"end":{"line":92,"column":39}},"92":{"start":{"line":93,"column":0},"end":{"line":93,"column":29}},"93":{"start":{"line":94,"column":0},"end":{"line":94,"column":73}},"94":{"start":{"line":95,"column":0},"end":{"line":95,"column":9}},"95":{"start":{"line":96,"column":0},"end":{"line":96,"column":38}},"96":{"start":{"line":97,"column":0},"end":{"line":97,"column":7}},"97":{"start":{"line":98,"column":0},"end":{"line":98,"column":66}},"98":{"start":{"line":99,"column":0},"end":{"line":99,"column":5}},"100":{"start":{"line":101,"column":0},"end":{"line":101,"column":51}},"101":{"start":{"line":102,"column":0},"end":{"line":102,"column":48}},"102":{"start":{"line":103,"column":0},"end":{"line":103,"column":53}},"103":{"start":{"line":104,"column":0},"end":{"line":104,"column":20}},"104":{"start":{"line":105,"column":0},"end":{"line":105,"column":16}},"105":{"start":{"line":106,"column":0},"end":{"line":106,"column":114}},"106":{"start":{"line":107,"column":0},"end":{"line":107,"column":57}},"107":{"start":{"line":108,"column":0},"end":{"line":108,"column":47}},"108":{"start":{"line":109,"column":0},"end":{"line":109,"column":8}},"109":{"start":{"line":110,"column":0},"end":{"line":110,"column":7}},"110":{"start":{"line":111,"column":0},"end":{"line":111,"column":82}},"111":{"start":{"line":112,"column":0},"end":{"line":112,"column":23}},"112":{"start":{"line":113,"column":0},"end":{"line":113,"column":5}},"115":{"start":{"line":116,"column":0},"end":{"line":116,"column":59}},"116":{"start":{"line":117,"column":0},"end":{"line":117,"column":48}},"117":{"start":{"line":118,"column":0},"end":{"line":118,"column":46}},"118":{"start":{"line":119,"column":0},"end":{"line":119,"column":71}},"119":{"start":{"line":120,"column":0},"end":{"line":120,"column":82}},"120":{"start":{"line":121,"column":0},"end":{"line":121,"column":46}},"121":{"start":{"line":122,"column":0},"end":{"line":122,"column":91}},"122":{"start":{"line":123,"column":0},"end":{"line":123,"column":5}},"123":{"start":{"line":124,"column":0},"end":{"line":124,"column":40}},"124":{"start":{"line":125,"column":0},"end":{"line":125,"column":96}},"125":{"start":{"line":126,"column":0},"end":{"line":126,"column":5}},"127":{"start":{"line":128,"column":0},"end":{"line":128,"column":49}},"128":{"start":{"line":129,"column":0},"end":{"line":129,"column":20}},"129":{"start":{"line":130,"column":0},"end":{"line":130,"column":24}},"130":{"start":{"line":131,"column":0},"end":{"line":131,"column":79}},"131":{"start":{"line":132,"column":0},"end":{"line":132,"column":63}},"132":{"start":{"line":133,"column":0},"end":{"line":133,"column":7}},"133":{"start":{"line":134,"column":0},"end":{"line":134,"column":110}},"134":{"start":{"line":135,"column":0},"end":{"line":135,"column":29}},"135":{"start":{"line":136,"column":0},"end":{"line":136,"column":9}},"136":{"start":{"line":137,"column":0},"end":{"line":137,"column":77}},"137":{"start":{"line":138,"column":0},"end":{"line":138,"column":18}},"138":{"start":{"line":139,"column":0},"end":{"line":139,"column":70}},"139":{"start":{"line":140,"column":0},"end":{"line":140,"column":63}},"140":{"start":{"line":141,"column":0},"end":{"line":141,"column":6}},"141":{"start":{"line":142,"column":0},"end":{"line":142,"column":32}},"142":{"start":{"line":143,"column":0},"end":{"line":143,"column":5}},"145":{"start":{"line":146,"column":0},"end":{"line":146,"column":60}},"146":{"start":{"line":147,"column":0},"end":{"line":147,"column":48}},"147":{"start":{"line":148,"column":0},"end":{"line":148,"column":47}},"148":{"start":{"line":149,"column":0},"end":{"line":149,"column":71}},"149":{"start":{"line":150,"column":0},"end":{"line":150,"column":82}},"151":{"start":{"line":152,"column":0},"end":{"line":152,"column":49}},"152":{"start":{"line":153,"column":0},"end":{"line":153,"column":20}},"153":{"start":{"line":154,"column":0},"end":{"line":154,"column":24}},"154":{"start":{"line":155,"column":0},"end":{"line":155,"column":63}},"155":{"start":{"line":156,"column":0},"end":{"line":156,"column":92}},"156":{"start":{"line":157,"column":0},"end":{"line":157,"column":7}},"157":{"start":{"line":158,"column":0},"end":{"line":158,"column":23}},"159":{"start":{"line":160,"column":0},"end":{"line":160,"column":39}},"160":{"start":{"line":161,"column":0},"end":{"line":161,"column":51}},"161":{"start":{"line":162,"column":0},"end":{"line":162,"column":35}},"162":{"start":{"line":163,"column":0},"end":{"line":163,"column":9}},"163":{"start":{"line":164,"column":0},"end":{"line":164,"column":5}},"164":{"start":{"line":165,"column":0},"end":{"line":165,"column":114}},"165":{"start":{"line":166,"column":0},"end":{"line":166,"column":32}},"166":{"start":{"line":167,"column":0},"end":{"line":167,"column":5}},"169":{"start":{"line":170,"column":0},"end":{"line":170,"column":39}},"170":{"start":{"line":171,"column":0},"end":{"line":171,"column":55}},"171":{"start":{"line":172,"column":0},"end":{"line":172,"column":47}},"172":{"start":{"line":173,"column":0},"end":{"line":173,"column":50}},"173":{"start":{"line":174,"column":0},"end":{"line":174,"column":74}},"174":{"start":{"line":175,"column":0},"end":{"line":175,"column":46}},"175":{"start":{"line":176,"column":0},"end":{"line":176,"column":31}},"176":{"start":{"line":177,"column":0},"end":{"line":177,"column":14}},"177":{"start":{"line":178,"column":0},"end":{"line":178,"column":39}},"178":{"start":{"line":179,"column":0},"end":{"line":179,"column":29}},"179":{"start":{"line":180,"column":0},"end":{"line":180,"column":18}},"180":{"start":{"line":181,"column":0},"end":{"line":181,"column":70}},"181":{"start":{"line":182,"column":0},"end":{"line":182,"column":47}},"182":{"start":{"line":183,"column":0},"end":{"line":183,"column":84}},"183":{"start":{"line":184,"column":0},"end":{"line":184,"column":73}},"184":{"start":{"line":185,"column":0},"end":{"line":185,"column":10}},"185":{"start":{"line":186,"column":0},"end":{"line":186,"column":9}},"186":{"start":{"line":187,"column":0},"end":{"line":187,"column":38}},"187":{"start":{"line":188,"column":0},"end":{"line":188,"column":7}},"188":{"start":{"line":189,"column":0},"end":{"line":189,"column":66}},"189":{"start":{"line":190,"column":0},"end":{"line":190,"column":5}},"191":{"start":{"line":192,"column":0},"end":{"line":192,"column":58}},"192":{"start":{"line":193,"column":0},"end":{"line":193,"column":48}},"193":{"start":{"line":194,"column":0},"end":{"line":194,"column":53}},"194":{"start":{"line":195,"column":0},"end":{"line":195,"column":71}},"195":{"start":{"line":196,"column":0},"end":{"line":196,"column":84}},"196":{"start":{"line":197,"column":0},"end":{"line":197,"column":33}},"197":{"start":{"line":198,"column":0},"end":{"line":198,"column":20}},"198":{"start":{"line":199,"column":0},"end":{"line":199,"column":63}},"199":{"start":{"line":200,"column":0},"end":{"line":200,"column":7}},"200":{"start":{"line":201,"column":0},"end":{"line":201,"column":76}},"201":{"start":{"line":202,"column":0},"end":{"line":202,"column":29}},"202":{"start":{"line":203,"column":0},"end":{"line":203,"column":24}},"203":{"start":{"line":204,"column":0},"end":{"line":204,"column":25}},"204":{"start":{"line":205,"column":0},"end":{"line":205,"column":89}},"205":{"start":{"line":206,"column":0},"end":{"line":206,"column":6}},"206":{"start":{"line":207,"column":0},"end":{"line":207,"column":24}},"207":{"start":{"line":208,"column":0},"end":{"line":208,"column":5}},"209":{"start":{"line":210,"column":0},"end":{"line":210,"column":59}},"210":{"start":{"line":211,"column":0},"end":{"line":211,"column":48}},"211":{"start":{"line":212,"column":0},"end":{"line":212,"column":71}},"212":{"start":{"line":213,"column":0},"end":{"line":213,"column":84}},"213":{"start":{"line":214,"column":0},"end":{"line":214,"column":33}},"214":{"start":{"line":215,"column":0},"end":{"line":215,"column":20}},"215":{"start":{"line":216,"column":0},"end":{"line":216,"column":55}},"216":{"start":{"line":217,"column":0},"end":{"line":217,"column":7}},"217":{"start":{"line":218,"column":0},"end":{"line":218,"column":64}},"218":{"start":{"line":219,"column":0},"end":{"line":219,"column":24}},"219":{"start":{"line":220,"column":0},"end":{"line":220,"column":5}},"222":{"start":{"line":223,"column":0},"end":{"line":223,"column":38}},"223":{"start":{"line":224,"column":0},"end":{"line":224,"column":54}},"224":{"start":{"line":225,"column":0},"end":{"line":225,"column":46}},"225":{"start":{"line":226,"column":0},"end":{"line":226,"column":50}},"226":{"start":{"line":227,"column":0},"end":{"line":227,"column":46}},"227":{"start":{"line":228,"column":0},"end":{"line":228,"column":30}},"228":{"start":{"line":229,"column":0},"end":{"line":229,"column":14}},"229":{"start":{"line":230,"column":0},"end":{"line":230,"column":39}},"230":{"start":{"line":231,"column":0},"end":{"line":231,"column":29}},"231":{"start":{"line":232,"column":0},"end":{"line":232,"column":18}},"232":{"start":{"line":233,"column":0},"end":{"line":233,"column":91}},"233":{"start":{"line":234,"column":0},"end":{"line":234,"column":71}},"234":{"start":{"line":235,"column":0},"end":{"line":235,"column":70}},"235":{"start":{"line":236,"column":0},"end":{"line":236,"column":56}},"236":{"start":{"line":237,"column":0},"end":{"line":237,"column":10}},"237":{"start":{"line":238,"column":0},"end":{"line":238,"column":9}},"238":{"start":{"line":239,"column":0},"end":{"line":239,"column":37}},"239":{"start":{"line":240,"column":0},"end":{"line":240,"column":7}},"240":{"start":{"line":241,"column":0},"end":{"line":241,"column":66}},"241":{"start":{"line":242,"column":0},"end":{"line":242,"column":5}},"243":{"start":{"line":244,"column":0},"end":{"line":244,"column":58}},"244":{"start":{"line":245,"column":0},"end":{"line":245,"column":48}},"245":{"start":{"line":246,"column":0},"end":{"line":246,"column":53}},"246":{"start":{"line":247,"column":0},"end":{"line":247,"column":69}},"247":{"start":{"line":248,"column":0},"end":{"line":248,"column":83}},"248":{"start":{"line":249,"column":0},"end":{"line":249,"column":48}},"249":{"start":{"line":250,"column":0},"end":{"line":250,"column":20}},"250":{"start":{"line":251,"column":0},"end":{"line":251,"column":63}},"251":{"start":{"line":252,"column":0},"end":{"line":252,"column":7}},"252":{"start":{"line":253,"column":0},"end":{"line":253,"column":94}},"253":{"start":{"line":254,"column":0},"end":{"line":254,"column":31}},"254":{"start":{"line":255,"column":0},"end":{"line":255,"column":5}},"257":{"start":{"line":258,"column":0},"end":{"line":258,"column":38}},"258":{"start":{"line":259,"column":0},"end":{"line":259,"column":55}},"259":{"start":{"line":260,"column":0},"end":{"line":260,"column":55}},"260":{"start":{"line":261,"column":0},"end":{"line":261,"column":58}},"261":{"start":{"line":262,"column":0},"end":{"line":262,"column":7}},"262":{"start":{"line":263,"column":0},"end":{"line":263,"column":26}},"263":{"start":{"line":264,"column":0},"end":{"line":264,"column":5}},"265":{"start":{"line":266,"column":0},"end":{"line":266,"column":49}},"266":{"start":{"line":267,"column":0},"end":{"line":267,"column":48}},"267":{"start":{"line":268,"column":0},"end":{"line":268,"column":66}},"268":{"start":{"line":269,"column":0},"end":{"line":269,"column":74}},"269":{"start":{"line":270,"column":0},"end":{"line":270,"column":46}},"270":{"start":{"line":271,"column":0},"end":{"line":271,"column":5}},"272":{"start":{"line":273,"column":0},"end":{"line":273,"column":54}},"273":{"start":{"line":274,"column":0},"end":{"line":274,"column":48}},"274":{"start":{"line":275,"column":0},"end":{"line":275,"column":58}},"275":{"start":{"line":276,"column":0},"end":{"line":276,"column":73}},"276":{"start":{"line":277,"column":0},"end":{"line":277,"column":87}},"277":{"start":{"line":278,"column":0},"end":{"line":278,"column":81}},"278":{"start":{"line":279,"column":0},"end":{"line":279,"column":65}},"279":{"start":{"line":280,"column":0},"end":{"line":280,"column":24}},"280":{"start":{"line":281,"column":0},"end":{"line":281,"column":5}},"283":{"start":{"line":284,"column":0},"end":{"line":284,"column":36}},"284":{"start":{"line":285,"column":0},"end":{"line":285,"column":52}},"285":{"start":{"line":286,"column":0},"end":{"line":286,"column":46}},"286":{"start":{"line":287,"column":0},"end":{"line":287,"column":32}},"287":{"start":{"line":288,"column":0},"end":{"line":288,"column":39}},"288":{"start":{"line":289,"column":0},"end":{"line":289,"column":29}},"289":{"start":{"line":290,"column":0},"end":{"line":290,"column":89}},"290":{"start":{"line":291,"column":0},"end":{"line":291,"column":9}},"291":{"start":{"line":292,"column":0},"end":{"line":292,"column":30}},"292":{"start":{"line":293,"column":0},"end":{"line":293,"column":7}},"293":{"start":{"line":294,"column":0},"end":{"line":294,"column":66}},"294":{"start":{"line":295,"column":0},"end":{"line":295,"column":5}},"295":{"start":{"line":296,"column":0},"end":{"line":296,"column":1}}},"s":{"2":1,"3":1,"4":1,"5":1,"7":1,"8":1,"9":1,"10":1,"12":1,"13":1,"14":1,"15":1,"17":1,"18":1,"19":1,"20":1,"22":1,"23":1,"24":1,"25":1,"27":1,"29":1,"30":1,"31":1,"33":1,"34":1,"35":1,"36":1,"38":1,"39":1,"40":1,"41":1,"42":1,"43":1,"44":1,"46":13,"47":13,"48":13,"50":6,"51":6,"52":6,"53":6,"55":11,"56":11,"59":11,"60":1,"61":1,"62":1,"63":1,"64":1,"65":1,"66":1,"67":1,"68":1,"69":1,"70":1,"71":1,"72":1,"73":1,"74":11,"77":11,"78":1,"79":1,"80":1,"81":1,"82":1,"83":1,"84":1,"85":1,"86":1,"87":1,"88":1,"89":1,"90":1,"91":1,"92":1,"93":1,"94":1,"95":1,"96":1,"97":1,"98":11,"100":11,"101":2,"102":2,"103":2,"104":2,"105":2,"106":2,"107":2,"108":2,"109":2,"110":2,"111":1,"112":11,"115":11,"116":6,"117":6,"118":6,"119":6,"120":5,"121":1,"122":1,"123":6,"124":1,"125":1,"127":3,"128":3,"129":3,"130":2,"131":1,"132":6,"133":6,"134":3,"135":3,"136":6,"137":6,"138":2,"139":1,"140":6,"141":3,"142":11,"145":11,"146":4,"147":4,"148":4,"149":4,"151":3,"152":3,"153":3,"154":1,"155":2,"156":4,"157":4,"159":1,"160":1,"161":1,"162":1,"163":1,"164":4,"165":3,"166":11,"169":11,"170":1,"171":1,"172":1,"173":1,"174":1,"175":1,"176":1,"177":1,"178":1,"179":1,"180":1,"181":1,"182":1,"183":1,"184":1,"185":1,"186":1,"187":1,"188":1,"189":11,"191":11,"192":4,"193":4,"194":4,"195":4,"196":3,"197":3,"198":3,"199":3,"200":3,"201":3,"202":3,"203":3,"204":3,"205":3,"206":3,"207":11,"209":11,"210":2,"211":2,"212":2,"213":1,"214":1,"215":1,"216":1,"217":1,"218":1,"219":11,"222":11,"223":2,"224":2,"225":2,"226":2,"227":2,"228":2,"229":2,"230":2,"231":2,"232":2,"233":2,"234":2,"235":2,"236":2,"237":2,"238":2,"239":2,"240":2,"241":11,"243":11,"244":2,"245":2,"246":2,"247":2,"248":1,"249":1,"250":1,"251":1,"252":1,"253":1,"254":11,"257":11,"258":1,"259":1,"260":1,"261":1,"262":1,"263":11,"265":11,"266":2,"267":2,"268":1,"269":1,"270":11,"272":11,"273":2,"274":2,"275":2,"276":2,"277":1,"278":1,"279":1,"280":11,"283":11,"284":1,"285":1,"286":1,"287":1,"288":1,"289":1,"290":1,"291":1,"292":1,"293":1,"294":11,"295":11},"branchMap":{"0":{"type":"branch","line":47,"loc":{"start":{"line":47,"column":0},"end":{"line":49,"column":1}},"locations":[{"start":{"line":47,"column":0},"end":{"line":49,"column":1}}]},"1":{"type":"branch","line":51,"loc":{"start":{"line":51,"column":0},"end":{"line":54,"column":1}},"locations":[{"start":{"line":51,"column":0},"end":{"line":54,"column":1}}]},"2":{"type":"branch","line":53,"loc":{"start":{"line":53,"column":33},"end":{"line":53,"column":44}},"locations":[{"start":{"line":53,"column":33},"end":{"line":53,"column":44}}]},"3":{"type":"branch","line":56,"loc":{"start":{"line":56,"column":0},"end":{"line":296,"column":1}},"locations":[{"start":{"line":56,"column":0},"end":{"line":296,"column":1}}]},"4":{"type":"branch","line":60,"loc":{"start":{"line":60,"column":20},"end":{"line":75,"column":3}},"locations":[{"start":{"line":60,"column":20},"end":{"line":75,"column":3}}]},"5":{"type":"branch","line":69,"loc":{"start":{"line":69,"column":66},"end":{"line":69,"column":93}},"locations":[{"start":{"line":69,"column":66},"end":{"line":69,"column":93}}]},"6":{"type":"branch","line":70,"loc":{"start":{"line":70,"column":64},"end":{"line":70,"column":91}},"locations":[{"start":{"line":70,"column":64},"end":{"line":70,"column":91}}]},"7":{"type":"branch","line":78,"loc":{"start":{"line":78,"column":24},"end":{"line":99,"column":3}},"locations":[{"start":{"line":78,"column":24},"end":{"line":99,"column":3}}]},"8":{"type":"branch","line":101,"loc":{"start":{"line":101,"column":28},"end":{"line":113,"column":3}},"locations":[{"start":{"line":101,"column":28},"end":{"line":113,"column":3}}]},"9":{"type":"branch","line":111,"loc":{"start":{"line":111,"column":18},"end":{"line":112,"column":23}},"locations":[{"start":{"line":111,"column":18},"end":{"line":112,"column":23}}]},"10":{"type":"branch","line":116,"loc":{"start":{"line":116,"column":36},"end":{"line":143,"column":3}},"locations":[{"start":{"line":116,"column":36},"end":{"line":143,"column":3}}]},"11":{"type":"branch","line":120,"loc":{"start":{"line":120,"column":18},"end":{"line":120,"column":82}},"locations":[{"start":{"line":120,"column":18},"end":{"line":120,"column":82}}]},"12":{"type":"branch","line":120,"loc":{"start":{"line":120,"column":80},"end":{"line":124,"column":39}},"locations":[{"start":{"line":120,"column":80},"end":{"line":124,"column":39}}]},"13":{"type":"branch","line":121,"loc":{"start":{"line":121,"column":45},"end":{"line":123,"column":5}},"locations":[{"start":{"line":121,"column":45},"end":{"line":123,"column":5}}]},"14":{"type":"branch","line":123,"loc":{"start":{"line":123,"column":4},"end":{"line":124,"column":25}},"locations":[{"start":{"line":123,"column":4},"end":{"line":124,"column":25}}]},"15":{"type":"branch","line":124,"loc":{"start":{"line":124,"column":14},"end":{"line":124,"column":39}},"locations":[{"start":{"line":124,"column":14},"end":{"line":124,"column":39}}]},"16":{"type":"branch","line":124,"loc":{"start":{"line":124,"column":39},"end":{"line":131,"column":79}},"locations":[{"start":{"line":124,"column":39},"end":{"line":131,"column":79}}]},"17":{"type":"branch","line":124,"loc":{"start":{"line":124,"column":39},"end":{"line":126,"column":5}},"locations":[{"start":{"line":124,"column":39},"end":{"line":126,"column":5}}]},"18":{"type":"branch","line":126,"loc":{"start":{"line":126,"column":4},"end":{"line":130,"column":24}},"locations":[{"start":{"line":126,"column":4},"end":{"line":130,"column":24}}]},"19":{"type":"branch","line":130,"loc":{"start":{"line":130,"column":17},"end":{"line":131,"column":79}},"locations":[{"start":{"line":130,"column":17},"end":{"line":131,"column":79}}]},"20":{"type":"branch","line":131,"loc":{"start":{"line":131,"column":78},"end":{"line":132,"column":63}},"locations":[{"start":{"line":131,"column":78},"end":{"line":132,"column":63}}]},"21":{"type":"branch","line":133,"loc":{"start":{"line":133,"column":5},"end":{"line":134,"column":64}},"locations":[{"start":{"line":133,"column":5},"end":{"line":134,"column":64}}]},"22":{"type":"branch","line":133,"loc":{"start":{"line":133,"column":5},"end":{"line":134,"column":45}},"locations":[{"start":{"line":133,"column":5},"end":{"line":134,"column":45}}]},"23":{"type":"branch","line":134,"loc":{"start":{"line":134,"column":35},"end":{"line":134,"column":64}},"locations":[{"start":{"line":134,"column":35},"end":{"line":134,"column":64}}]},"24":{"type":"branch","line":134,"loc":{"start":{"line":134,"column":45},"end":{"line":134,"column":82}},"locations":[{"start":{"line":134,"column":45},"end":{"line":134,"column":82}}]},"25":{"type":"branch","line":134,"loc":{"start":{"line":134,"column":108},"end":{"line":137,"column":51}},"locations":[{"start":{"line":134,"column":108},"end":{"line":137,"column":51}}]},"26":{"type":"branch","line":134,"loc":{"start":{"line":134,"column":108},"end":{"line":137,"column":21}},"locations":[{"start":{"line":134,"column":108},"end":{"line":137,"column":21}}]},"27":{"type":"branch","line":137,"loc":{"start":{"line":137,"column":11},"end":{"line":137,"column":51}},"locations":[{"start":{"line":137,"column":11},"end":{"line":137,"column":51}}]},"28":{"type":"branch","line":137,"loc":{"start":{"line":137,"column":21},"end":{"line":137,"column":77}},"locations":[{"start":{"line":137,"column":21},"end":{"line":137,"column":77}}]},"29":{"type":"branch","line":138,"loc":{"start":{"line":138,"column":11},"end":{"line":139,"column":70}},"locations":[{"start":{"line":138,"column":11},"end":{"line":139,"column":70}}]},"30":{"type":"branch","line":139,"loc":{"start":{"line":139,"column":10},"end":{"line":140,"column":63}},"locations":[{"start":{"line":139,"column":10},"end":{"line":140,"column":63}}]},"31":{"type":"branch","line":141,"loc":{"start":{"line":141,"column":4},"end":{"line":142,"column":32}},"locations":[{"start":{"line":141,"column":4},"end":{"line":142,"column":32}}]},"32":{"type":"branch","line":146,"loc":{"start":{"line":146,"column":37},"end":{"line":167,"column":3}},"locations":[{"start":{"line":146,"column":37},"end":{"line":167,"column":3}}]},"33":{"type":"branch","line":150,"loc":{"start":{"line":150,"column":18},"end":{"line":154,"column":24}},"locations":[{"start":{"line":150,"column":18},"end":{"line":154,"column":24}}]},"34":{"type":"branch","line":150,"loc":{"start":{"line":150,"column":18},"end":{"line":150,"column":82}},"locations":[{"start":{"line":150,"column":18},"end":{"line":150,"column":82}}]},"35":{"type":"branch","line":154,"loc":{"start":{"line":154,"column":17},"end":{"line":155,"column":63}},"locations":[{"start":{"line":154,"column":17},"end":{"line":155,"column":63}}]},"36":{"type":"branch","line":155,"loc":{"start":{"line":155,"column":62},"end":{"line":156,"column":92}},"locations":[{"start":{"line":155,"column":62},"end":{"line":156,"column":92}}]},"37":{"type":"branch","line":156,"loc":{"start":{"line":156,"column":28},"end":{"line":156,"column":54}},"locations":[{"start":{"line":156,"column":28},"end":{"line":156,"column":54}}]},"38":{"type":"branch","line":156,"loc":{"start":{"line":156,"column":41},"end":{"line":156,"column":68}},"locations":[{"start":{"line":156,"column":41},"end":{"line":156,"column":68}}]},"39":{"type":"branch","line":157,"loc":{"start":{"line":157,"column":5},"end":{"line":158,"column":22}},"locations":[{"start":{"line":157,"column":5},"end":{"line":158,"column":22}}]},"40":{"type":"branch","line":158,"loc":{"start":{"line":158,"column":22},"end":{"line":164,"column":5}},"locations":[{"start":{"line":158,"column":22},"end":{"line":164,"column":5}}]},"41":{"type":"branch","line":164,"loc":{"start":{"line":164,"column":4},"end":{"line":165,"column":45}},"locations":[{"start":{"line":164,"column":4},"end":{"line":165,"column":45}}]},"42":{"type":"branch","line":165,"loc":{"start":{"line":165,"column":35},"end":{"line":165,"column":65}},"locations":[{"start":{"line":165,"column":35},"end":{"line":165,"column":65}}]},"43":{"type":"branch","line":165,"loc":{"start":{"line":165,"column":45},"end":{"line":165,"column":86}},"locations":[{"start":{"line":165,"column":45},"end":{"line":165,"column":86}}]},"44":{"type":"branch","line":165,"loc":{"start":{"line":165,"column":112},"end":{"line":166,"column":32}},"locations":[{"start":{"line":165,"column":112},"end":{"line":166,"column":32}}]},"45":{"type":"branch","line":170,"loc":{"start":{"line":170,"column":23},"end":{"line":190,"column":3}},"locations":[{"start":{"line":170,"column":23},"end":{"line":190,"column":3}}]},"46":{"type":"branch","line":192,"loc":{"start":{"line":192,"column":35},"end":{"line":208,"column":3}},"locations":[{"start":{"line":192,"column":35},"end":{"line":208,"column":3}}]},"47":{"type":"branch","line":196,"loc":{"start":{"line":196,"column":18},"end":{"line":207,"column":24}},"locations":[{"start":{"line":196,"column":18},"end":{"line":207,"column":24}}]},"48":{"type":"branch","line":196,"loc":{"start":{"line":196,"column":18},"end":{"line":196,"column":84}},"locations":[{"start":{"line":196,"column":18},"end":{"line":196,"column":84}}]},"49":{"type":"branch","line":210,"loc":{"start":{"line":210,"column":36},"end":{"line":220,"column":3}},"locations":[{"start":{"line":210,"column":36},"end":{"line":220,"column":3}}]},"50":{"type":"branch","line":213,"loc":{"start":{"line":213,"column":18},"end":{"line":219,"column":24}},"locations":[{"start":{"line":213,"column":18},"end":{"line":219,"column":24}}]},"51":{"type":"branch","line":223,"loc":{"start":{"line":223,"column":22},"end":{"line":242,"column":3}},"locations":[{"start":{"line":223,"column":22},"end":{"line":242,"column":3}}]},"52":{"type":"branch","line":244,"loc":{"start":{"line":244,"column":35},"end":{"line":255,"column":3}},"locations":[{"start":{"line":244,"column":35},"end":{"line":255,"column":3}}]},"53":{"type":"branch","line":248,"loc":{"start":{"line":248,"column":17},"end":{"line":254,"column":31}},"locations":[{"start":{"line":248,"column":17},"end":{"line":254,"column":31}}]},"54":{"type":"branch","line":258,"loc":{"start":{"line":258,"column":25},"end":{"line":264,"column":3}},"locations":[{"start":{"line":258,"column":25},"end":{"line":264,"column":3}}]},"55":{"type":"branch","line":266,"loc":{"start":{"line":266,"column":26},"end":{"line":271,"column":3}},"locations":[{"start":{"line":266,"column":26},"end":{"line":271,"column":3}}]},"56":{"type":"branch","line":268,"loc":{"start":{"line":268,"column":64},"end":{"line":270,"column":46}},"locations":[{"start":{"line":268,"column":64},"end":{"line":270,"column":46}}]},"57":{"type":"branch","line":273,"loc":{"start":{"line":273,"column":31},"end":{"line":281,"column":3}},"locations":[{"start":{"line":273,"column":31},"end":{"line":281,"column":3}}]},"58":{"type":"branch","line":277,"loc":{"start":{"line":277,"column":19},"end":{"line":280,"column":24}},"locations":[{"start":{"line":277,"column":19},"end":{"line":280,"column":24}}]},"59":{"type":"branch","line":284,"loc":{"start":{"line":284,"column":20},"end":{"line":295,"column":3}},"locations":[{"start":{"line":284,"column":20},"end":{"line":295,"column":3}}]}},"b":{"0":[13],"1":[6],"2":[6],"3":[11],"4":[1],"5":[2],"6":[1],"7":[1],"8":[2],"9":[1],"10":[6],"11":[1],"12":[5],"13":[1],"14":[4],"15":[2],"16":[5],"17":[1],"18":[3],"19":[2],"20":[1],"21":[5],"22":[3],"23":[2],"24":[1],"25":[5],"26":[3],"27":[2],"28":[1],"29":[2],"30":[1],"31":[3],"32":[4],"33":[3],"34":[1],"35":[1],"36":[2],"37":[1],"38":[1],"39":[3],"40":[1],"41":[3],"42":[1],"43":[2],"44":[3],"45":[1],"46":[4],"47":[3],"48":[1],"49":[2],"50":[1],"51":[2],"52":[2],"53":[1],"54":[1],"55":[2],"56":[1],"57":[2],"58":[1],"59":[1]},"fnMap":{"0":{"name":"audit","decl":{"start":{"line":47,"column":0},"end":{"line":49,"column":1}},"loc":{"start":{"line":47,"column":0},"end":{"line":49,"column":1}},"line":47},"1":{"name":"notifyCompanyUsers","decl":{"start":{"line":51,"column":0},"end":{"line":54,"column":1}},"loc":{"start":{"line":51,"column":0},"end":{"line":54,"column":1}},"line":51},"2":{"name":"adminRoutes","decl":{"start":{"line":56,"column":0},"end":{"line":296,"column":1}},"loc":{"start":{"line":56,"column":0},"end":{"line":296,"column":1}},"line":56}},"f":{"0":13,"1":6,"2":11}}
,"/home/user/flask-starter/apps/api/src/routes/auth.ts": {"path":"/home/user/flask-starter/apps/api/src/routes/auth.ts","all":false,"statementMap":{"1":{"start":{"line":2,"column":0},"end":{"line":2,"column":24}},"2":{"start":{"line":3,"column":0},"end":{"line":3,"column":34}},"3":{"start":{"line":4,"column":0},"end":{"line":4,"column":67}},"5":{"start":{"line":6,"column":0},"end":{"line":6,"column":33}},"6":{"start":{"line":7,"column":0},"end":{"line":7,"column":21}},"7":{"start":{"line":8,"column":0},"end":{"line":8,"column":37}},"8":{"start":{"line":9,"column":0},"end":{"line":9,"column":45}},"9":{"start":{"line":10,"column":0},"end":{"line":10,"column":43}},"10":{"start":{"line":11,"column":0},"end":{"line":11,"column":39}},"11":{"start":{"line":12,"column":0},"end":{"line":12,"column":41}},"12":{"start":{"line":13,"column":0},"end":{"line":13,"column":48}},"13":{"start":{"line":14,"column":0},"end":{"line":14,"column":41}},"14":{"start":{"line":15,"column":0},"end":{"line":15,"column":44}},"15":{"start":{"line":16,"column":0},"end":{"line":16,"column":5}},"16":{"start":{"line":17,"column":0},"end":{"line":17,"column":18}},"17":{"start":{"line":18,"column":0},"end":{"line":18,"column":30}},"18":{"start":{"line":19,"column":0},"end":{"line":19,"column":41}},"19":{"start":{"line":20,"column":0},"end":{"line":20,"column":42}},"20":{"start":{"line":21,"column":0},"end":{"line":21,"column":41}},"21":{"start":{"line":22,"column":0},"end":{"line":22,"column":5}},"22":{"start":{"line":23,"column":0},"end":{"line":23,"column":3}},"24":{"start":{"line":25,"column":0},"end":{"line":25,"column":30}},"25":{"start":{"line":26,"column":0},"end":{"line":26,"column":28}},"26":{"start":{"line":27,"column":0},"end":{"line":27,"column":23}},"27":{"start":{"line":28,"column":0},"end":{"line":28,"column":3}},"29":{"start":{"line":30,"column":0},"end":{"line":30,"column":33}},"30":{"start":{"line":31,"column":0},"end":{"line":31,"column":51}},"31":{"start":{"line":32,"column":0},"end":{"line":32,"column":50}},"32":{"start":{"line":33,"column":0},"end":{"line":33,"column":50}},"33":{"start":{"line":34,"column":0},"end":{"line":34,"column":3}},"35":{"start":{"line":36,"column":0},"end":{"line":36,"column":24}},"42":{"start":{"line":43,"column":0},"end":{"line":43,"column":4}},"43":{"start":{"line":44,"column":0},"end":{"line":44,"column":10}},"44":{"start":{"line":45,"column":0},"end":{"line":45,"column":13}},"45":{"start":{"line":46,"column":0},"end":{"line":46,"column":19}},"46":{"start":{"line":47,"column":0},"end":{"line":47,"column":27}},"47":{"start":{"line":48,"column":0},"end":{"line":48,"column":25}},"48":{"start":{"line":49,"column":0},"end":{"line":49,"column":17}},"49":{"start":{"line":50,"column":0},"end":{"line":50,"column":27}},"50":{"start":{"line":51,"column":0},"end":{"line":51,"column":4}},"51":{"start":{"line":52,"column":0},"end":{"line":52,"column":1}},"53":{"start":{"line":54,"column":0},"end":{"line":54,"column":64}},"55":{"start":{"line":56,"column":0},"end":{"line":56,"column":47}},"56":{"start":{"line":57,"column":0},"end":{"line":57,"column":48}},"58":{"start":{"line":59,"column":0},"end":{"line":59,"column":103}},"59":{"start":{"line":60,"column":0},"end":{"line":60,"column":19}},"60":{"start":{"line":61,"column":0},"end":{"line":61,"column":102}},"61":{"start":{"line":62,"column":0},"end":{"line":62,"column":5}},"63":{"start":{"line":64,"column":0},"end":{"line":64,"column":72}},"64":{"start":{"line":65,"column":0},"end":{"line":65,"column":43}},"65":{"start":{"line":66,"column":0},"end":{"line":66,"column":13}},"66":{"start":{"line":67,"column":0},"end":{"line":67,"column":45}},"67":{"start":{"line":68,"column":0},"end":{"line":68,"column":61}},"68":{"start":{"line":69,"column":0},"end":{"line":69,"column":39}},"69":{"start":{"line":70,"column":0},"end":{"line":70,"column":37}},"70":{"start":{"line":71,"column":0},"end":{"line":71,"column":22}},"71":{"start":{"line":72,"column":0},"end":{"line":72,"column":30}},"72":{"start":{"line":73,"column":0},"end":{"line":73,"column":8}},"73":{"start":{"line":74,"column":0},"end":{"line":74,"column":7}},"75":{"start":{"line":76,"column":0},"end":{"line":76,"column":93}},"76":{"start":{"line":77,"column":0},"end":{"line":77,"column":76}},"77":{"start":{"line":78,"column":0},"end":{"line":78,"column":5}},"79":{"start":{"line":80,"column":0},"end":{"line":80,"column":44}},"80":{"start":{"line":81,"column":0},"end":{"line":81,"column":45}},"81":{"start":{"line":82,"column":0},"end":{"line":82,"column":47}},"82":{"start":{"line":83,"column":0},"end":{"line":83,"column":49}},"83":{"start":{"line":84,"column":0},"end":{"line":84,"column":33}},"84":{"start":{"line":85,"column":0},"end":{"line":85,"column":7}},"85":{"start":{"line":86,"column":0},"end":{"line":86,"column":77}},"86":{"start":{"line":87,"column":0},"end":{"line":87,"column":81}},"87":{"start":{"line":88,"column":0},"end":{"line":88,"column":5}},"88":{"start":{"line":89,"column":0},"end":{"line":89,"column":25}},"89":{"start":{"line":90,"column":0},"end":{"line":90,"column":80}},"90":{"start":{"line":91,"column":0},"end":{"line":91,"column":5}},"91":{"start":{"line":92,"column":0},"end":{"line":92,"column":93}},"92":{"start":{"line":93,"column":0},"end":{"line":93,"column":68}},"93":{"start":{"line":94,"column":0},"end":{"line":94,"column":5}},"95":{"start":{"line":96,"column":0},"end":{"line":96,"column":76}},"96":{"start":{"line":97,"column":0},"end":{"line":97,"column":47}},"97":{"start":{"line":98,"column":0},"end":{"line":98,"column":34}},"98":{"start":{"line":99,"column":0},"end":{"line":99,"column":33}},"99":{"start":{"line":100,"column":0},"end":{"line":100,"column":7}},"100":{"start":{"line":101,"column":0},"end":{"line":101,"column":80}},"101":{"start":{"line":102,"column":0},"end":{"line":102,"column":61}},"102":{"start":{"line":103,"column":0},"end":{"line":103,"column":5}},"104":{"start":{"line":105,"column":0},"end":{"line":105,"column":71}},"105":{"start":{"line":106,"column":0},"end":{"line":106,"column":48}},"106":{"start":{"line":107,"column":0},"end":{"line":107,"column":45}},"107":{"start":{"line":108,"column":0},"end":{"line":108,"column":56}},"108":{"start":{"line":109,"column":0},"end":{"line":109,"column":53}},"109":{"start":{"line":110,"column":0},"end":{"line":110,"column":77}},"110":{"start":{"line":111,"column":0},"end":{"line":111,"column":81}},"111":{"start":{"line":112,"column":0},"end":{"line":112,"column":38}},"112":{"start":{"line":113,"column":0},"end":{"line":113,"column":5}},"113":{"start":{"line":114,"column":0},"end":{"line":114,"column":1}}},"s":{"1":1,"2":1,"3":1,"5":1,"6":1,"7":1,"8":1,"9":1,"10":1,"11":1,"12":1,"13":1,"14":1,"15":1,"16":1,"17":1,"18":1,"19":1,"20":1,"21":1,"22":1,"24":1,"25":1,"26":1,"27":1,"29":1,"30":1,"31":1,"32":1,"33":1,"35":5,"42":5,"43":5,"44":5,"45":5,"46":5,"47":5,"48":5,"49":5,"50":5,"51":5,"53":11,"55":11,"56":3,"58":3,"59":3,"60":1,"61":1,"63":1,"64":1,"65":1,"66":1,"67":1,"68":1,"69":1,"70":1,"71":1,"72":1,"73":1,"75":1,"76":1,"77":11,"79":11,"80":4,"81":4,"82":4,"83":4,"84":4,"85":4,"86":1,"87":1,"88":4,"89":1,"90":1,"91":2,"92":2,"93":11,"95":11,"96":2,"97":2,"98":2,"99":2,"100":2,"101":1,"102":11,"104":11,"105":1,"106":1,"107":1,"108":1,"109":1,"110":1,"111":1,"112":11,"113":11},"branchMap":{"0":{"type":"branch","line":36,"loc":{"start":{"line":36,"column":0},"end":{"line":52,"column":1}},"locations":[{"start":{"line":36,"column":0},"end":{"line":52,"column":1}}]},"1":{"type":"branch","line":54,"loc":{"start":{"line":54,"column":0},"end":{"line":114,"column":1}},"locations":[{"start":{"line":54,"column":0},"end":{"line":114,"column":1}}]},"2":{"type":"branch","line":56,"loc":{"start":{"line":56,"column":24},"end":{"line":78,"column":3}},"locations":[{"start":{"line":56,"column":24},"end":{"line":78,"column":3}}]},"3":{"type":"branch","line":59,"loc":{"start":{"line":59,"column":101},"end":{"line":60,"column":18}},"locations":[{"start":{"line":59,"column":101},"end":{"line":60,"column":18}}]},"4":{"type":"branch","line":60,"loc":{"start":{"line":60,"column":18},"end":{"line":77,"column":76}},"locations":[{"start":{"line":60,"column":18},"end":{"line":77,"column":76}}]},"5":{"type":"branch","line":80,"loc":{"start":{"line":80,"column":21},"end":{"line":94,"column":3}},"locations":[{"start":{"line":80,"column":21},"end":{"line":94,"column":3}}]},"6":{"type":"branch","line":86,"loc":{"start":{"line":86,"column":76},"end":{"line":88,"column":5}},"locations":[{"start":{"line":86,"column":76},"end":{"line":88,"column":5}}]},"7":{"type":"branch","line":88,"loc":{"start":{"line":88,"column":4},"end":{"line":89,"column":24}},"locations":[{"start":{"line":88,"column":4},"end":{"line":89,"column":24}}]},"8":{"type":"branch","line":89,"loc":{"start":{"line":89,"column":24},"end":{"line":91,"column":5}},"locations":[{"start":{"line":89,"column":24},"end":{"line":91,"column":5}}]},"9":{"type":"branch","line":91,"loc":{"start":{"line":91,"column":4},"end":{"line":93,"column":68}},"locations":[{"start":{"line":91,"column":4},"end":{"line":93,"column":68}}]},"10":{"type":"branch","line":96,"loc":{"start":{"line":96,"column":53},"end":{"line":103,"column":3}},"locations":[{"start":{"line":96,"column":53},"end":{"line":103,"column":3}}]},"11":{"type":"branch","line":101,"loc":{"start":{"line":101,"column":15},"end":{"line":102,"column":61}},"locations":[{"start":{"line":101,"column":15},"end":{"line":102,"column":61}}]},"12":{"type":"branch","line":105,"loc":{"start":{"line":105,"column":55},"end":{"line":113,"column":3}},"locations":[{"start":{"line":105,"column":55},"end":{"line":113,"column":3}}]},"13":{"type":"branch","line":109,"loc":{"start":{"line":109,"column":23},"end":{"line":109,"column":53}},"locations":[{"start":{"line":109,"column":23},"end":{"line":109,"column":53}}]}},"b":{"0":[5],"1":[11],"2":[3],"3":[2],"4":[1],"5":[4],"6":[1],"7":[3],"8":[1],"9":[2],"10":[2],"11":[1],"12":[1],"13":[0]},"fnMap":{"0":{"name":"publicUser","decl":{"start":{"line":36,"column":0},"end":{"line":52,"column":1}},"loc":{"start":{"line":36,"column":0},"end":{"line":52,"column":1}},"line":36},"1":{"name":"authRoutes","decl":{"start":{"line":54,"column":0},"end":{"line":114,"column":1}},"loc":{"start":{"line":54,"column":0},"end":{"line":114,"column":1}},"line":54}},"f":{"0":5,"1":11}}
,"/home/user/flask-starter/apps/api/src/routes/categories.ts": {"path":"/home/user/flask-starter/apps/api/src/routes/categories.ts","all":false,"statementMap":{"1":{"start":{"line":2,"column":0},"end":{"line":2,"column":34}},"3":{"start":{"line":4,"column":0},"end":{"line":4,"column":68}},"5":{"start":{"line":6,"column":0},"end":{"line":6,"column":28}},"6":{"start":{"line":7,"column":0},"end":{"line":7,"column":55}},"7":{"start":{"line":8,"column":0},"end":{"line":8,"column":32}},"8":{"start":{"line":9,"column":0},"end":{"line":9,"column":55}},"9":{"start":{"line":10,"column":0},"end":{"line":10,"column":84}},"10":{"start":{"line":11,"column":0},"end":{"line":11,"column":7}},"11":{"start":{"line":12,"column":0},"end":{"line":12,"column":26}},"12":{"start":{"line":13,"column":0},"end":{"line":13,"column":5}},"13":{"start":{"line":14,"column":0},"end":{"line":14,"column":1}}},"s":{"1":1,"3":11,"5":11,"6":2,"7":2,"8":2,"9":2,"10":2,"11":2,"12":11,"13":11},"branchMap":{"0":{"type":"branch","line":4,"loc":{"start":{"line":4,"column":0},"end":{"line":14,"column":1}},"locations":[{"start":{"line":4,"column":0},"end":{"line":14,"column":1}}]},"1":{"type":"branch","line":6,"loc":{"start":{"line":6,"column":15},"end":{"line":13,"column":3}},"locations":[{"start":{"line":6,"column":15},"end":{"line":13,"column":3}}]}},"b":{"0":[11],"1":[2]},"fnMap":{"0":{"name":"categoryRoutes","decl":{"start":{"line":4,"column":0},"end":{"line":14,"column":1}},"loc":{"start":{"line":4,"column":0},"end":{"line":14,"column":1}},"line":4}},"f":{"0":11}}
,"/home/user/flask-starter/apps/api/src/routes/companies.ts": {"path":"/home/user/flask-starter/apps/api/src/routes/companies.ts","all":false,"statementMap":{"1":{"start":{"line":2,"column":0},"end":{"line":2,"column":24}},"2":{"start":{"line":3,"column":0},"end":{"line":3,"column":34}},"3":{"start":{"line":4,"column":0},"end":{"line":4,"column":61}},"5":{"start":{"line":6,"column":0},"end":{"line":6,"column":38}},"6":{"start":{"line":7,"column":0},"end":{"line":7,"column":46}},"7":{"start":{"line":8,"column":0},"end":{"line":8,"column":43}},"8":{"start":{"line":9,"column":0},"end":{"line":9,"column":41}},"9":{"start":{"line":10,"column":0},"end":{"line":10,"column":37}},"10":{"start":{"line":11,"column":0},"end":{"line":11,"column":39}},"11":{"start":{"line":12,"column":0},"end":{"line":12,"column":43}},"12":{"start":{"line":13,"column":0},"end":{"line":13,"column":39}},"13":{"start":{"line":14,"column":0},"end":{"line":14,"column":42}},"14":{"start":{"line":15,"column":0},"end":{"line":15,"column":47}},"15":{"start":{"line":16,"column":0},"end":{"line":16,"column":3}},"17":{"start":{"line":18,"column":0},"end":{"line":18,"column":34}},"18":{"start":{"line":19,"column":0},"end":{"line":19,"column":35}},"19":{"start":{"line":20,"column":0},"end":{"line":20,"column":52}},"20":{"start":{"line":21,"column":0},"end":{"line":21,"column":52}},"21":{"start":{"line":22,"column":0},"end":{"line":22,"column":14}},"22":{"start":{"line":23,"column":0},"end":{"line":23,"column":11}},"23":{"start":{"line":24,"column":0},"end":{"line":24,"column":16}},"24":{"start":{"line":25,"column":0},"end":{"line":25,"column":104}},"25":{"start":{"line":26,"column":0},"end":{"line":26,"column":35}},"26":{"start":{"line":27,"column":0},"end":{"line":27,"column":45}},"27":{"start":{"line":28,"column":0},"end":{"line":28,"column":9}},"28":{"start":{"line":29,"column":0},"end":{"line":29,"column":5}},"29":{"start":{"line":30,"column":0},"end":{"line":30,"column":65}},"30":{"start":{"line":31,"column":0},"end":{"line":31,"column":3}},"32":{"start":{"line":33,"column":0},"end":{"line":33,"column":67}},"34":{"start":{"line":35,"column":0},"end":{"line":35,"column":77}},"35":{"start":{"line":36,"column":0},"end":{"line":36,"column":48}},"36":{"start":{"line":37,"column":0},"end":{"line":37,"column":53}},"37":{"start":{"line":38,"column":0},"end":{"line":38,"column":20}},"38":{"start":{"line":39,"column":0},"end":{"line":39,"column":15}},"39":{"start":{"line":40,"column":0},"end":{"line":40,"column":17}},"40":{"start":{"line":41,"column":0},"end":{"line":41,"column":19}},"41":{"start":{"line":42,"column":0},"end":{"line":42,"column":24}},"42":{"start":{"line":43,"column":0},"end":{"line":43,"column":19}},"43":{"start":{"line":44,"column":0},"end":{"line":44,"column":22}},"44":{"start":{"line":45,"column":0},"end":{"line":45,"column":22}},"45":{"start":{"line":46,"column":0},"end":{"line":46,"column":26}},"46":{"start":{"line":47,"column":0},"end":{"line":47,"column":21}},"47":{"start":{"line":48,"column":0},"end":{"line":48,"column":25}},"48":{"start":{"line":49,"column":0},"end":{"line":49,"column":24}},"49":{"start":{"line":50,"column":0},"end":{"line":50,"column":74}},"50":{"start":{"line":51,"column":0},"end":{"line":51,"column":8}},"51":{"start":{"line":52,"column":0},"end":{"line":52,"column":7}},"52":{"start":{"line":53,"column":0},"end":{"line":53,"column":82}},"53":{"start":{"line":54,"column":0},"end":{"line":54,"colu
[...]
4},"end":{"line":141,"column":63}},"locations":[{"start":{"line":137,"column":4},"end":{"line":141,"column":63}}]},"29":{"type":"branch","line":145,"loc":{"start":{"line":145,"column":52},"end":{"line":186,"column":3}},"locations":[{"start":{"line":145,"column":52},"end":{"line":186,"column":3}}]},"30":{"type":"branch","line":147,"loc":{"start":{"line":147,"column":18},"end":{"line":147,"column":25}},"locations":[{"start":{"line":147,"column":18},"end":{"line":147,"column":25}}]},"31":{"type":"branch","line":147,"loc":{"start":{"line":147,"column":18},"end":{"line":150,"column":68}},"locations":[{"start":{"line":147,"column":18},"end":{"line":150,"column":68}}]},"32":{"type":"branch","line":147,"loc":{"start":{"line":147,"column":18},"end":{"line":150,"column":43}},"locations":[{"start":{"line":147,"column":18},"end":{"line":150,"column":43}}]},"33":{"type":"branch","line":150,"loc":{"start":{"line":150,"column":27},"end":{"line":150,"column":68}},"locations":[{"start":{"line":150,"column":27},"end":{"line":150,"column":68}}]},"34":{"type":"branch","line":150,"loc":{"start":{"line":150,"column":68},"end":{"line":155,"column":41}},"locations":[{"start":{"line":150,"column":68},"end":{"line":155,"column":41}}]},"35":{"type":"branch","line":150,"loc":{"start":{"line":150,"column":68},"end":{"line":152,"column":5}},"locations":[{"start":{"line":150,"column":68},"end":{"line":152,"column":5}}]},"36":{"type":"branch","line":152,"loc":{"start":{"line":152,"column":4},"end":{"line":155,"column":41}},"locations":[{"start":{"line":152,"column":4},"end":{"line":155,"column":41}}]},"37":{"type":"branch","line":155,"loc":{"start":{"line":155,"column":41},"end":{"line":167,"column":62}},"locations":[{"start":{"line":155,"column":41},"end":{"line":167,"column":62}}]},"38":{"type":"branch","line":155,"loc":{"start":{"line":155,"column":41},"end":{"line":157,"column":5}},"locations":[{"start":{"line":155,"column":41},"end":{"line":157,"column":5}}]},"39":{"type":"branch","line":157,"loc":{"start":{"line":157,"column":4},"end":{"line":167,"column":62}},"locations":[{"start":{"line":157,"column":4},"end":{"line":167,"column":62}}]},"40":{"type":"branch","line":157,"loc":{"start":{"line":157,"column":4},"end":{"line":167,"column":54}},"locations":[{"start":{"line":157,"column":4},"end":{"line":167,"column":54}}]},"41":{"type":"branch","line":167,"loc":{"start":{"line":167,"column":39},"end":{"line":167,"column":62}},"locations":[{"start":{"line":167,"column":39},"end":{"line":167,"column":62}}]},"42":{"type":"branch","line":167,"loc":{"start":{"line":167,"column":54},"end":{"line":167,"column":87}},"locations":[{"start":{"line":167,"column":54},"end":{"line":167,"column":87}}]},"43":{"type":"branch","line":167,"loc":{"start":{"line":167,"column":67},"end":{"line":167,"column":87}},"locations":[{"start":{"line":167,"column":67},"end":{"line":167,"column":87}}]},"44":{"type":"branch","line":184,"loc":{"start":{"line":184,"column":5},"end":{"line":185,"column":45}},"locations":[{"start":{"line":184,"column":5},"end":{"line":185,"column":45}}]},"45":{"type":"branch","line":180,"loc":{"start":{"line":180,"column":37},"end":{"line":180,"column":72}},"locations":[{"start":{"line":180,"column":37},"end":{"line":180,"column":72}}]},"46":{"type":"branch","line":189,"loc":{"start":{"line":189,"column":56},"end":{"line":219,"column":3}},"locations":[{"start":{"line":189,"column":56},"end":{"line":219,"column":3}}]},"47":{"type":"branch","line":194,"loc":{"start":{"line":194,"column":18},"end":{"line":195,"column":50}},"locations":[{"start":{"line":194,"column":18},"end":{"line":195,"column":50}}]},"48":{"type":"branch","line":194,"loc":{"start":{"line":194,"column":18},"end":{"line":194,"column":84}},"locations":[{"start":{"line":194,"column":18},"end":{"line":194,"column":84}}]},"49":{"type":"branch","line":195,"loc":{"start":{"line":195,"column":50},"end":{"line":197,"column":5}},"locations":[{"start":{"line":195,"column":50},"end":{"line":197,"column":5}}]},"50":{"type":"branch","line":197,"loc":{"start":{"line":197,"column":4},"end":{"line":198,"column":38}},"locations":[{"start":{"line":197,"column":4},"end":{"line":198,"column":38}}]},"51":{"type":"branch","line":198,"loc":{"start":{"line":198,"column":38},"end":{"line":200,"column":5}},"locations":[{"start":{"line":198,"column":38},"end":{"line":200,"column":5}}]},"52":{"type":"branch","line":200,"loc":{"start":{"line":200,"column":4},"end":{"line":213,"column":13}},"locations":[{"start":{"line":200,"column":4},"end":{"line":213,"column":13}}]},"53":{"type":"branch","line":200,"loc":{"start":{"line":200,"column":4},"end":{"line":207,"column":21}},"locations":[{"start":{"line":200,"column":4},"end":{"line":207,"column":21}}]},"54":{"type":"branch","line":207,"loc":{"start":{"line":207,"column":12},"end":{"line":213,"column":13}},"locations":[{"start":{"line":207,"column":12},"end":{"line":213,"column":13}}]},"55":{"type":"branch","line":213,"loc":{"start":{"line":213,"column":12},"end":{"line":214,"column":16}},"locations":[{"start":{"line":213,"column":12},"end":{"line":214,"column":16}}]},"56":{"type":"branch","line":217,"loc":{"start":{"line":217,"column":5},"end":{"line":218,"column":32}},"locations":[{"start":{"line":217,"column":5},"end":{"line":218,"column":32}}]},"57":{"type":"branch","line":211,"loc":{"start":{"line":211,"column":38},"end":{"line":211,"column":73}},"locations":[{"start":{"line":211,"column":38},"end":{"line":211,"column":73}}]},"58":{"type":"branch","line":222,"loc":{"start":{"line":222,"column":57},"end":{"line":231,"column":3}},"locations":[{"start":{"line":222,"column":57},"end":{"line":231,"column":3}}]},"59":{"type":"branch","line":225,"loc":{"start":{"line":225,"column":18},"end":{"line":225,"column":84}},"locations":[{"start":{"line":225,"column":18},"end":{"line":225,"column":84}}]},"60":{"type":"branch","line":225,"loc":{"start":{"line":225,"column":82},"end":{"line":230,"column":34}},"locations":[{"start":{"line":225,"column":82},"end":{"line":230,"column":34}}]},"61":{"type":"branch","line":226,"loc":{"start":{"line":226,"column":50},"end":{"line":230,"column":34}},"locations":[{"start":{"line":226,"column":50},"end":{"line":230,"column":34}}]}},"b":{"0":[1],"1":[1],"2":[11],"3":[10],"4":[1],"5":[1],"6":[9],"7":[1],"8":[0],"9":[0],"10":[1],"11":[1],"12":[1],"13":[2],"14":[8],"15":[1],"16":[7],"17":[2],"18":[1],"19":[4],"20":[1],"21":[3],"22":[2],"23":[1],"24":[3],"25":[1],"26":[2],"27":[1],"28":[2],"29":[9],"30":[3],"31":[8],"32":[6],"33":[3],"34":[8],"35":[1],"36":[4],"37":[8],"38":[1],"39":[6],"40":[3],"41":[2],"42":[1],"43":[0],"44":[3],"45":[2],"46":[7],"47":[6],"48":[1],"49":[1],"50":[5],"51":[1],"52":[6],"53":[4],"54":[1],"55":[3],"56":[4],"57":[2],"58":[3],"59":[1],"60":[2],"61":[1]},"fnMap":{"0":{"name":"categoryWithChildren","decl":{"start":{"line":60,"column":0},"end":{"line":66,"column":1}},"loc":{"start":{"line":60,"column":0},"end":{"line":66,"column":1}},"line":60},"1":{"name":"listingRoutes","decl":{"start":{"line":68,"column":0},"end":{"line":232,"column":1}},"loc":{"start":{"line":68,"column":0},"end":{"line":232,"column":1}},"line":68}},"f":{"0":1,"1":11}}
,"/home/user/flask-starter/apps/api/src/routes/push.ts": {"path":"/home/user/flask-starter/apps/api/src/routes/push.ts","all":false,"statementMap":{"1":{"start":{"line":2,"column":0},"end":{"line":2,"column":24}},"2":{"start":{"line":3,"column":0},"end":{"line":3,"column":34}},"4":{"start":{"line":5,"column":0},"end":{"line":5,"column":30}},"5":{"start":{"line":6,"column":0},"end":{"line":6,"column":37}},"6":{"start":{"line":7,"column":0},"end":{"line":7,"column":50}},"7":{"start":{"line":8,"column":0},"end":{"line":8,"column":3}},"9":{"start":{"line":10,"column":0},"end":{"line":10,"column":64}},"11":{"start":{"line":12,"column":0},"end":{"line":12,"column":81}},"12":{"start":{"line":13,"column":0},"end":{"line":13,"column":45}},"13":{"start":{"line":14,"column":0},"end":{"line":14,"column":35}},"14":{"start":{"line":15,"column":0},"end":{"line":15,"column":35}},"15":{"start":{"line":16,"column":0},"end":{"line":16,"column":83}},"16":{"start":{"line":17,"column":0},"end":{"line":17,"column":64}},"17":{"start":{"line":18,"column":0},"end":{"line":18,"column":7}},"18":{"start":{"line":19,"column":0},"end":{"line":19,"column":46}},"19":{"start":{"line":20,"column":0},"end":{"line":20,"column":5}},"22":{"start":{"line":23,"column":0},"end":{"line":23,"column":83}},"23":{"start":{"line":24,"column":0},"end":{"line":24,"column":45}},"24":{"start":{"line":25,"column":0},"end":{"line":25,"column":94}},"25":{"start":{"line":26,"column":0},"end":{"line":26,"column":34}},"26":{"start":{"line":27,"column":0},"end":{"line":27,"column":5}},"27":{"start":{"line":28,"column":0},"end":{"line":28,"column":1}}},"s":{"1":1,"2":1,"4":1,"5":1,"6":1,"7":1,"9":11,"11":11,"12":4,"13":4,"14":4,"15":4,"16":4,"17":4,"18":4,"19":11,"22":11,"23":1,"24":1,"25":1,"26":11,"27":11},"branchMap":{"0":{"type":"branch","line":10,"loc":{"start":{"line":10,"column":0},"end":{"line":28,"column":1}},"locations":[{"start":{"line":10,"column":0},"end":{"line":28,"column":1}}]},"1":{"type":"branch","line":12,"loc":{"start":{"line":12,"column":58},"end":{"line":20,"column":3}},"locations":[{"start":{"line":12,"column":58},"end":{"line":20,"column":3}}]},"2":{"type":"branch","line":23,"loc":{"start":{"line":23,"column":60},"end":{"line":27,"column":3}},"locations":[{"start":{"line":23,"column":60},"end":{"line":27,"column":3}}]}},"b":{"0":[11],"1":[4],"2":[1]},"fnMap":{"0":{"name":"pushRoutes","decl":{"start":{"line":10,"column":0},"end":{"line":28,"column":1}},"loc":{"start":{"line":10,"column":0},"end":{"line":28,"column":1}},"line":10}},"f":{"0":11}}
,"/home/user/flask-starter/apps/api/src/routes/reports.ts": {"path":"/home/user/flask-starter/apps/api/src/routes/reports.ts","all":false,"statementMap":{"1":{"start":{"line":2,"column":0},"end":{"line":2,"column":24}},"2":{"start":{"line":3,"column":0},"end":{"line":3,"column":34}},"4":{"start":{"line":5,"column":0},"end":{"line":5,"column":37}},"5":{"start":{"line":6,"column":0},"end":{"line":6,"column":56}},"6":{"start":{"line":7,"column":0},"end":{"line":7,"column":23}},"7":{"start":{"line":8,"column":0},"end":{"line":8,"column":37}},"8":{"start":{"line":9,"column":0},"end":{"line":9,"column":43}},"9":{"start":{"line":10,"column":0},"end":{"line":10,"column":3}},"11":{"start":{"line":12,"column":0},"end":{"line":12,"column":66}},"13":{"start":{"line":14,"column":0},"end":{"line":14,"column":75}},"14":{"start":{"line":15,"column":0},"end":{"line":15,"column":52}},"16":{"start":{"line":17,"column":0},"end":{"line":17,"column":18}},"17":{"start":{"line":18,"column":0},"end":{"line":18,"column":35}},"18":{"start":{"line":19,"column":0},"end":{"line":19,"column":75}},"19":{"start":{"line":20,"column":0},"end":{"line":20,"column":39}},"20":{"start":{"line":21,"column":0},"end":{"line":21,"column":77}},"21":{"start":{"line":22,"column":0},"end":{"line":22,"column":78}},"22":{"start":{"line":23,"column":0},"end":{"line":23,"column":95}},"24":{"start":{"line":25,"column":0},"end":{"line":25,"column":47}},"25":{"start":{"line":26,"column":0},"end":{"line":26,"column":13}},"26":{"start":{"line":27,"column":0},"end":{"line":27,"column":36}},"27":{"start":{"line":28,"column":0},"end":{"line":28,"column":72}},"28":{"start":{"line":29,"column":0},"end":{"line":29,"column":72}},"29":{"start":{"line":30,"column":0},"end":{"line":30,"column":72}},"30":{"start":{"line":31,"column":0},"end":{"line":31,"column":37}},"31":{"start":{"line":32,"column":0},"end":{"line":32,"column":28}},"32":{"start":{"line":33,"column":0},"end":{"line":33,"column":30}},"33":{"start":{"line":34,"column":0},"end":{"line":34,"column":8}},"34":{"start":{"line":35,"column":0},"end":{"line":35,"column":7}},"35":{"start":{"line":36,"column":0},"end":{"line":36,"column":86}},"36":{"start":{"line":37,"column":0},"end":{"line":37,"column":5}},"37":{"start":{"line":38,"column":0},"end":{"line":38,"column":1}}},"s":{"1":1,"2":1,"4":1,"5":1,"6":1,"7":1,"8":1,"9":1,"11":11,"13":11,"14":7,"16":7,"17":7,"18":4,"19":3,"20":2,"21":1,"22":4,"24":5,"25":5,"26":5,"27":7,"28":7,"29":7,"30":7,"31":7,"32":7,"33":7,"34":7,"35":5,"36":11,"37":11},"branchMap":{"0":{"type":"branch","line":12,"loc":{"start":{"line":12,"column":0},"end":{"line":38,"column":1}},"locations":[{"start":{"line":12,"column":0},"end":{"line":38,"column":1}}]},"1":{"type":"branch","line":14,"loc":{"start":{"line":14,"column":52},"end":{"line":37,"column":3}},"locations":[{"start":{"line":14,"column":52},"end":{"line":37,"column":3}}]},"2":{"type":"branch","line":18,"loc":{"start":{"line":18,"column":26},"end":{"line":19,"column":75}},"locations":[{"start":{"line":18,"column":26},"end":{"line":19,"column":75}}]},"3":{"type":"branch","line":19,"loc":{"start":{"line":19,"column":74},"end":{"line":22,"column":78}},"locations":[{"start":{"line":19,"column":74},"end":{"line":22,"column":78}}]},"4":{"type":"branch","line":20,"loc":{"start":{"line":20,"column":30},"end":{"line":21,"column":77}},"locations":[{"start":{"line":20,"column":30},"end":{"line":21,"column":77}}]},"5":{"type":"branch","line":21,"loc":{"start":{"line":21,"column":76},"end":{"line":22,"column":78}},"locations":[{"start":{"line":21,"column":76},"end":{"line":22,"column":78}}]},"6":{"type":"branch","line":22,"loc":{"start":{"line":22,"column":76},"end":{"line":23,"column":95}},"locations":[{"start":{"line":22,"column":76},"end":{"line":23,"column":95}}]},"7":{"type":"branch","line":22,"loc":{"start":{"line":22,"column":76},"end":{"line":23,"column":24}},"locations":[{"start":{"line":22,"column":76},"end":{"line":23,"column":24}}]},"8":{"type":"branch","line":23,"loc":{"start":{"line":23,"column":17},"end":{"line":23,"column":95}},"locations":[{"start":{"line":23,"column":17},"end":{"line":23,"column":95}}]},"9":{"type":"branch","line":23,"loc":{"start":{"line":23,"column":93},"end":{"line":28,"column":67}},"locations":[{"start":{"line":23,"column":93},"end":{"line":28,"column":67}}]},"10":{"type":"branch","line":23,"loc":{"start":{"line":23,"column":93},"end":{"line":28,"column":51}},"locations":[{"start":{"line":23,"column":93},"end":{"line":28,"column":51}}]},"11":{"type":"branch","line":28,"loc":{"start":{"line":28,"column":39},"end":{"line":28,"column":67}},"locations":[{"start":{"line":28,"column":39},"end":{"line":28,"column":67}}]},"12":{"type":"branch","line":28,"loc":{"start":{"line":28,"column":56},"end":{"line":28,"column":72}},"locations":[{"start":{"line":28,"column":56},"end":{"line":28,"column":72}}]},"13":{"type":"branch","line":29,"loc":{"start":{"line":29,"column":39},"end":{"line":29,"column":67}},"locations":[{"start":{"line":29,"column":39},"end":{"line":29,"column":67}}]},"14":{"type":"branch","line":29,"loc":{"start":{"line":29,"column":56},"end":{"line":29,"column":72}},"locations":[{"start":{"line":29,"column":56},"end":{"line":29,"column":72}}]},"15":{"type":"branch","line":30,"loc":{"start":{"line":30,"column":39},"end":{"line":30,"column":67}},"locations":[{"start":{"line":30,"column":39},"end":{"line":30,"column":67}}]},"16":{"type":"branch","line":30,"loc":{"start":{"line":30,"column":56},"end":{"line":30,"column":72}},"locations":[{"start":{"line":30,"column":56},"end":{"line":30,"column":72}}]},"17":{"type":"branch","line":35,"loc":{"start":{"line":35,"column":5},"end":{"line":36,"column":86}},"locations":[{"start":{"line":35,"column":5},"end":{"line":36,"column":86}}]}},"b":{"0":[11],"1":[7],"2":[4],"3":[3],"4":[2],"5":[1],"6":[4],"7":[1],"8":[2],"9":[6],"10":[5],"11":[3],"12":[2],"13":[1],"14":[4],"15":[1],"16":[4],"17":[5]},"fnMap":{"0":{"name":"reportRoutes","decl":{"start":{"line":12,"column":0},"end":{"line":38,"column":1}},"loc":{"start":{"line":12,"column":0},"end":{"line":38,"column":1}},"line":12}},"f":{"0":11}}
,"/home/user/flask-starter/apps/api/src/routes/uploads.ts": {"path":"/home/user/flask-starter/apps/api/src/routes/uploads.ts","all":false,"statementMap":{"1":{"start":{"line":2,"column":0},"end":{"line":2,"column":44}},"2":{"start":{"line":3,"column":0},"end":{"line":3,"column":41}},"3":{"start":{"line":4,"column":0},"end":{"line":4,"column":48}},"4":{"start":{"line":5,"column":0},"end":{"line":5,"column":33}},"5":{"start":{"line":6,"column":0},"end":{"line":6,"column":29}},"6":{"start":{"line":7,"column":0},"end":{"line":7,"column":50}},"8":{"start":{"line":9,"column":0},"end":{"line":9,"column":87}},"9":{"start":{"line":10,"column":0},"end":{"line":10,"column":48}},"15":{"start":{"line":16,"column":0},"end":{"line":16,"column":66}},"16":{"start":{"line":17,"column":0},"end":{"line":17,"column":75}},"17":{"start":{"line":18,"column":0},"end":{"line":18,"column":73}},"18":{"start":{"line":19,"column":0},"end":{"line":19,"column":82}},"20":{"start":{"line":21,"column":0},"end":{"line":21,"column":64}},"21":{"start":{"line":22,"column":0},"end":{"line":22,"column":39}},"22":{"start":{"line":23,"column":0},"end":{"line":23,"column":100}},"23":{"start":{"line":24,"column":0},"end":{"line":24,"column":5}},"25":{"start":{"line":26,"column":0},"end":{"line":26,"column":49}},"26":{"start":{"line":27,"column":0},"end":{"line":27,"column":48}},"27":{"start":{"line":28,"column":0},"end":{"line":28,"column":78}},"29":{"start":{"line":30,"column":0},"end":{"line":30,"column":30}},"30":{"start":{"line":31,"column":0},"end":{"line":31,"column":80}},"31":{"start":{"line":32,"column":0},"end":{"line":32,"column":5}},"33":{"start":{"line":34,"column":0},"end":{"line":34,"column":33}},"34":{"start":{"line":35,"column":0},"end":{"line":35,"column":55}},"35":{"start":{"line":36,"column":0},"end":{"line":36,"column":30}},"36":{"start":{"line":37,"column":0},"end":{"line":37,"column":7}},"37":{"start":{"line":38,"column":0},"end":{"line":38,"column":5}},"38":{"start":{"line":39,"column":0},"end":{"line":39,"column":1}}},"s":{"1":1,"2":1,"3":1,"4":1,"5":1,"6":1,"8":1,"9":1,"15":11,"16":11,"17":3,"18":3,"20":3,"21":3,"22":1,"23":1,"25":1,"26":1,"27":1,"29":3,"30":0,"31":0,"33":1,"34":1,"35":1,"36":1,"37":11,"38":11},"branchMap":{"0":{"type":"branch","line":16,"loc":{"start":{"line":16,"column":0},"end":{"line":39,"column":1}},"locations":[{"start":{"line":16,"column":0},"end":{"line":39,"column":1}}]},"1":{"type":"branch","line":17,"loc":{"start":{"line":17,"column":52},"end":{"line":38,"column":3}},"locations":[{"start":{"line":17,"column":52},"end":{"line":38,"column":3}}]},"2":{"type":"branch","line":19,"loc":{"start":{"line":19,"column":15},"end":{"line":19,"column":82}},"locations":[{"start":{"line":19,"column":15},"end":{"line":19,"column":82}}]},"3":{"type":"branch","line":19,"loc":{"start":{"line":19,"column":80},"end":{"line":21,"column":46}},"locations":[{"start":{"line":19,"column":80},"end":{"line":21,"column":46}}]},"4":{"type":"branch","line":21,"loc":{"start":{"line":21,"column":34},"end":{"line":21,"column":48}},"locations":[{"start":{"line":21,"column":34},"end":{"line":21,"column":48}}]},"5":{"type":"branch","line":22,"loc":{"start":{"line":22,"column":38},"end":{"line":30,"column":29}},"locations":[{"start":{"line":22,"column":38},"end":{"line":30,"column":29}}]},"6":{"type":"branch","line":23,"loc":{"start":{"line":23,"column":55},"end":{"line":23,"column":75}},"locations":[{"start":{"line":23,"column":55},"end":{"line":23,"column":75}}]},"7":{"type":"branch","line":30,"loc":{"start":{"line":30,"column":29},"end":{"line":32,"column":5}},"locations":[{"start":{"line":30,"column":29},"end":{"line":32,"column":5}}]},"8":{"type":"branch","line":32,"loc":{"start":{"line":32,"column":4},"end":{"line":37,"column":7}},"locations":[{"start":{"line":32,"column":4},"end":{"line":37,"column":7}}]}},"b":{"0":[11],"1":[3],"2":[1],"3":[2],"4":[0],"5":[1],"6":[0],"7":[0],"8":[1]},"fnMap":{"0":{"name":"uploadRoutes","decl":{"start":{"line":16,"column":0},"end":{"line":39,"column":1}},"loc":{"start":{"line":16,"column":0},"end":{"line":39,"column":1}},"line":16}},"f":{"0":11}}
}
